This is XeTeX, Version 3.14159265-2.6-0.999991 (TeX Live 2019/Debian) (preloaded format=xelatex 2023.1.7)  8 FEB 2023 11:29
entering extended mode
 restricted \write18 enabled.
 %&-line parsing enabled.
**CluyseDylan-BPvoorstel.tex
(./CluyseDylan-BPvoorstel.tex
LaTeX2e <2020-02-02> patch level 2
L3 programming layer <2020-02-14> (./hogent-article.cls
Document Class: hogent-article 2022/09/01 v2.1 Artikel voor gebruik in de oplei
ding toegepaste informatica aan HOGENT
(/usr/share/texlive/texmf-dist/tex/latex/base/article.cls
Document Class: article 2019/12/20 v1.4l Standard LaTeX document class
(/usr/share/texlive/texmf-dist/tex/latex/base/size10.clo
File: size10.clo 2019/12/20 v1.4l Standard LaTeX file (size option)
)
\c@part=\count163
\c@section=\count164
\c@subsection=\count165
\c@subsubsection=\count166
\c@paragraph=\count167
\c@subparagraph=\count168
\c@figure=\count169
\c@table=\count170
\abovecaptionskip=\skip47
\belowcaptionskip=\skip48
\bibindent=\dimen134
)
(/usr/share/texlive/texmf-dist/tex/generic/iftex/ifxetex.sty
Package: ifxetex 2019/10/25 v0.7 ifxetex legacy package. Use iftex instead.

(/usr/share/texlive/texmf-dist/tex/generic/iftex/iftex.sty
Package: iftex 2019/11/07 v1.0c TeX engine tests
))
(/usr/share/texlive/texmf-dist/tex/latex/xkeyval/xkeyval.sty
Package: xkeyval 2014/12/03 v2.7a package option processing (HA)

(/usr/share/texlive/texmf-dist/tex/generic/xkeyval/xkeyval.tex
(/usr/share/texlive/texmf-dist/tex/generic/xkeyval/xkvutils.tex
\XKV@toks=\toks14
\XKV@tempa@toks=\toks15

(/usr/share/texlive/texmf-dist/tex/generic/xkeyval/keyval.tex))
\XKV@depth=\count171
File: xkeyval.tex 2014/12/03 v2.7a key=value parser (HA)
))
(/usr/share/texlive/texmf-dist/tex/generic/babel/babel.sty
Package: babel 2020/02/14 3.40 The Babel package

(/usr/share/texlive/texmf-dist/tex/generic/babel/switch.def
File: switch.def 2020/02/14 3.40 Babel switching mechanism
)

! Package babel Error: Unknown option `dutch'. Either you misspelled it
(babel)                or the language definition file dutch.ldf was not found.


See the babel package documentation for explanation.
Type  H <return>  for immediate help.
 ...                                              
                                                  
l.542 \ProcessOptions*
                      
Valid options are: shorthands=, KeepShorthandsActive,
activeacute, activegrave, noconfigs, safe=, main=, math=
headfoot=, strings=, config=, hyphenmap=, or a language name.

Package babel Info: You haven't specified a language. I'll use 'nil'
(babel)             as the main language. Reported on input line 572.
(/usr/share/texlive/texmf-dist/tex/generic/babel/nil.ldf
Language: nil 2020/02/14 3.40 Nil language

(/usr/share/texlive/texmf-dist/tex/generic/babel/babel.def
File: babel.def 2020/02/14 3.40 Babel common definitions
\babel@savecnt=\count172
\U@D=\dimen135

(/usr/share/texlive/texmf-dist/tex/generic/babel/xebabel.def
(/usr/share/texlive/texmf-dist/tex/generic/babel/txtbabel.def))
\bbl@readstream=\read2
\bbl@dirlevel=\count173
)
\l@nil=\language7
))
(/usr/share/texlive/texmf-dist/tex/latex/biblatex/biblatex.sty
Package: biblatex 2019/12/01 v3.14 programmable bibliographies (PK/MW)

(/usr/share/texlive/texmf-dist/tex/latex/pdftexcmds/pdftexcmds.sty
Package: pdftexcmds 2019/11/24 v0.31 Utility functions of pdfTeX for LuaTeX (HO
)

(/usr/share/texlive/texmf-dist/tex/generic/infwarerr/infwarerr.sty
Package: infwarerr 2019/12/03 v1.5 Providing info/warning/error messages (HO)
)
(/usr/share/texlive/texmf-dist/tex/generic/ltxcmds/ltxcmds.sty
Package: ltxcmds 2019/12/15 v1.24 LaTeX kernel commands for general use (HO)
)
Package pdftexcmds Info: \pdf@primitive is available.
Package pdftexcmds Info: \pdf@ifprimitive is available.
Package pdftexcmds Info: \pdfdraftmode not found.
)
(/usr/share/texlive/texmf-dist/tex/latex/etoolbox/etoolbox.sty
Package: etoolbox 2019/09/21 v2.5h e-TeX tools for LaTeX (JAW)
\etb@tempcnta=\count174
)
(/usr/share/texlive/texmf-dist/tex/latex/kvoptions/kvoptions.sty
Package: kvoptions 2019/11/29 v3.13 Key value format for package options (HO)

(/usr/share/texlive/texmf-dist/tex/generic/kvsetkeys/kvsetkeys.sty
Package: kvsetkeys 2019/12/15 v1.18 Key value parser (HO)
))
(/usr/share/texlive/texmf-dist/tex/latex/logreq/logreq.sty
Package: logreq 2010/08/04 v1.0 xml request logger
\lrq@indent=\count175

(/usr/share/texlive/texmf-dist/tex/latex/logreq/logreq.def
File: logreq.def 2010/08/04 v1.0 logreq spec v1.0
))
(/usr/share/texlive/texmf-dist/tex/latex/base/ifthen.sty
Package: ifthen 2014/09/29 v1.1c Standard LaTeX ifthen package (DPC)
)
(/usr/share/texlive/texmf-dist/tex/latex/url/url.sty
\Urlmuskip=\muskip16
Package: url 2013/09/16  ver 3.4  Verb mode for urls, etc.
)
\c@tabx@nest=\count176
\c@listtotal=\count177
\c@listcount=\count178
\c@liststart=\count179
\c@liststop=\count180
\c@citecount=\count181
\c@citetotal=\count182
\c@multicitecount=\count183
\c@multicitetotal=\count184
\c@instcount=\count185
\c@maxnames=\count186
\c@minnames=\count187
\c@maxitems=\count188
\c@minitems=\count189
\c@citecounter=\count190
\c@maxcitecounter=\count191
\c@savedcitecounter=\count192
\c@uniquelist=\count193
\c@uniquename=\count194
\c@refsection=\count195
\c@refsegment=\count196
\c@maxextratitle=\count197
\c@maxextratitleyear=\count198
\c@maxextraname=\count199
\c@maxextradate=\count266
\c@maxextraalpha=\count267
\c@abbrvpenalty=\count268
\c@highnamepenalty=\count269
\c@lownamepenalty=\count270
\c@maxparens=\count271
\c@parenlevel=\count272
\blx@tempcnta=\count273
\blx@tempcntb=\count274
\blx@tempcntc=\count275
\blx@maxsection=\count276
\blx@maxsegment@0=\count277
\blx@notetype=\count278
\blx@parenlevel@text=\count279
\blx@parenlevel@foot=\count280
\blx@sectionciteorder@0=\count281
\blx@entrysetcounter=\count282
\labelnumberwidth=\skip49
\labelalphawidth=\skip50
\biblabelsep=\skip51
\bibitemsep=\skip52
\bibnamesep=\skip53
\bibinitsep=\skip54
\bibparsep=\skip55
\bibhang=\skip56
\blx@bcfin=\read3
\blx@bcfout=\write3
\blx@langwohyphens=\language8
\c@mincomprange=\count283
\c@maxcomprange=\count284
\c@mincompwidth=\count285
Package biblatex Info: Trying to load biblatex default data model...
Package biblatex Info: ... file 'blx-dm.def' found.

(/usr/share/texlive/texmf-dist/tex/latex/biblatex/blx-dm.def
File: blx-dm.def 2019/12/01 v3.14 biblatex localization (PK/MW)
)
Package biblatex Info: Trying to load biblatex style data model...
Package biblatex Info: ... file 'apa.dbx' found.

(/usr/share/texlive/texmf-dist/tex/latex/biblatex-apa/apa.dbx
File: apa.dbx 2020/02/01 v9.5 APA biblatex style data model
)
Package biblatex Info: Trying to load biblatex custom data model...
Package biblatex Info: ... file 'biblatex-dm.cfg' not found.
\c@afterword=\count286
\c@savedafterword=\count287
\c@annotator=\count288
\c@savedannotator=\count289
\c@author=\count290
\c@savedauthor=\count291
\c@bookauthor=\count292
\c@savedbookauthor=\count293
\c@commentator=\count294
\c@savedcommentator=\count295
\c@editor=\count296
\c@savededitor=\count297
\c@editora=\count298
\c@savededitora=\count299
\c@editorb=\count300
\c@savededitorb=\count301
\c@editorc=\count302
\c@savededitorc=\count303
\c@foreword=\count304
\c@savedforeword=\count305
\c@holder=\count306
\c@savedholder=\count307
\c@introduction=\count308
\c@savedintroduction=\count309
\c@namea=\count310
\c@savednamea=\count311
\c@nameb=\count312
\c@savednameb=\count313
\c@namec=\count314
\c@savednamec=\count315
\c@translator=\count316
\c@savedtranslator=\count317
\c@shortauthor=\count318
\c@savedshortauthor=\count319
\c@shorteditor=\count320
\c@savedshorteditor=\count321
\c@groupauthor=\count322
\c@savedgroupauthor=\count323
\c@narrator=\count324
\c@savednarrator=\count325
\c@execproducer=\count326
\c@savedexecproducer=\count327
\c@execdirector=\count328
\c@savedexecdirector=\count329
\c@with=\count330
\c@savedwith=\count331
\c@labelname=\count332
\c@savedlabelname=\count333
\c@institution=\count334
\c@savedinstitution=\count335
\c@lista=\count336
\c@savedlista=\count337
\c@listb=\count338
\c@savedlistb=\count339
\c@listc=\count340
\c@savedlistc=\count341
\c@listd=\count342
\c@savedlistd=\count343
\c@liste=\count344
\c@savedliste=\count345
\c@listf=\count346
\c@savedlistf=\count347
\c@location=\count348
\c@savedlocation=\count349
\c@organization=\count350
\c@savedorganization=\count351
\c@origlocation=\count352
\c@savedoriglocation=\count353
\c@origpublisher=\count354
\c@savedorigpublisher=\count355
\c@publisher=\count356
\c@savedpublisher=\count357
\c@language=\count358
\c@savedlanguage=\count359
\c@origlanguage=\count360
\c@savedoriglanguage=\count361
\c@citation=\count362
\c@savedcitation=\count363
\c@pageref=\count364
\c@savedpageref=\count365
\shorthandwidth=\skip57
\shortjournalwidth=\skip58
\shortserieswidth=\skip59
\shorttitlewidth=\skip60
\shortauthorwidth=\skip61
\shorteditorwidth=\skip62
\locallabelnumberwidth=\skip63
\locallabelalphawidth=\skip64
\localshorthandwidth=\skip65
\localshortjournalwidth=\skip66
\localshortserieswidth=\skip67
\localshorttitlewidth=\skip68
\localshortauthorwidth=\skip69
\localshorteditorwidth=\skip70
Package biblatex Info: Trying to load enhanced support for Unicode engines...
Package biblatex Info: ... file 'blx-unicode.def' found.

(/usr/share/texlive/texmf-dist/tex/latex/biblatex/blx-unicode.def)
Package biblatex Info: Trying to load compatibility code...
Package biblatex Info: ... file 'blx-compat.def' found.

(/usr/share/texlive/texmf-dist/tex/latex/biblatex/blx-compat.def
File: blx-compat.def 2019/12/01 v3.14 biblatex compatibility (PK/MW)
)
Package biblatex Info: Trying to load generic definitions...
Package biblatex Info: ... file 'biblatex.def' found.

(/usr/share/texlive/texmf-dist/tex/latex/biblatex/biblatex.def
File: biblatex.def 2019/12/01 v3.14 biblatex compatibility (PK/MW)
\c@textcitecount=\count366
\c@textcitetotal=\count367
\c@textcitemaxnames=\count368
\c@biburlbigbreakpenalty=\count369
\c@biburlbreakpenalty=\count370
\c@biburlnumpenalty=\count371
\c@biburlucpenalty=\count372
\c@biburllcpenalty=\count373
\biburlbigskip=\muskip17
\biburlnumskip=\muskip18
\biburlucskip=\muskip19
\biburllcskip=\muskip20
\c@smartand=\count374
)
Package biblatex Info: Trying to load bibliography style 'apa'...
Package biblatex Info: ... file 'apa.bbx' found.

(/usr/share/texlive/texmf-dist/tex/latex/biblatex-apa/apa.bbx
File: apa.bbx 2020/02/01 v9.5 APA biblatex references style
Package biblatex Info: Trying to load bibliography style 'standard'...
Package biblatex Info: ... file 'standard.bbx' found.

(/usr/share/texlive/texmf-dist/tex/latex/biblatex/bbx/standard.bbx
File: standard.bbx 2019/12/01 v3.14 biblatex bibliography style (PK/MW)
\c@bbx:relatedcount=\count375
\c@bbx:relatedtotal=\count376
))
Package biblatex Info: Trying to load citation style 'apa'...
Package biblatex Info: ... file 'apa.cbx' found.

(/usr/share/texlive/texmf-dist/tex/latex/biblatex-apa/apa.cbx
File: apa.cbx 2020/02/01 v9.5 APA biblatex citation style
Package biblatex Info: Delimiter 'nameyeardelim' in context '' already defined,
 overwriting.
Package biblatex Info: Delimiter 'nameyeardelim' in context 'textcite' already 
defined, overwriting.
Package biblatex Info: Delimiter 'andothersdelim' in context '' already defined
, overwriting.
Package biblatex Info: Redefining '\parencite'.
Package biblatex Info: Redefining '\fullcite'.
Package biblatex Info: Redefining '\citeyear'.
Package biblatex Info: Redefining '\cite'.
Package biblatex Info: Redefining '\footcite'.
Package biblatex Info: Redefining '\textcites'.
Package biblatex Info: Redefining '\cites'.
Package biblatex Info: Redefining '\parencites'.
Package biblatex Info: Redefining '\footcites'.
Package biblatex Info: Redefining '\footcitetexts'.
Package biblatex Info: Redefining '\smartcites'.
Package biblatex Info: Redefining '\textcite'.
Package biblatex Info: Redefining '\citeauthor'.
)
Package biblatex Info: Trying to load configuration file...
Package biblatex Info: ... file 'biblatex.cfg' found.

(/usr/share/texlive/texmf-dist/tex/latex/biblatex/biblatex.cfg
File: biblatex.cfg 
))
\hga@author@cnt=\count377
\hga@email@cnt=\count378

(/usr/share/texlive/texmf-dist/tex/latex/xcolor/xcolor.sty
Package: xcolor 2016/05/11 v2.12 LaTeX color extensions (UK)

(/usr/share/texlive/texmf-dist/tex/latex/graphics-cfg/color.cfg
File: color.cfg 2016/01/02 v1.6 sample color configuration
)
Package xcolor Info: Driver file: xetex.def on input line 225.

(/usr/share/texlive/texmf-dist/tex/latex/graphics-def/xetex.def
File: xetex.def 2017/06/24 v5.0h Graphics/color driver for xetex
)
Package xcolor Info: Model `cmy' substituted by `cmy0' on input line 1348.
Package xcolor Info: Model `RGB' extended on input line 1364.
Package xcolor Info: Model `HTML' substituted by `rgb' on input line 1366.
Package xcolor Info: Model `Hsb' substituted by `hsb' on input line 1367.
Package xcolor Info: Model `tHsb' substituted by `hsb' on input line 1368.
Package xcolor Info: Model `HSB' substituted by `hsb' on input line 1369.
Package xcolor Info: Model `Gray' substituted by `gray' on input line 1370.
Package xcolor Info: Model `wave' substituted by `hsb' on input line 1371.
)
(/usr/share/texlive/texmf-dist/tex/latex/fontspec/fontspec.sty
(/usr/share/texlive/texmf-dist/tex/latex/l3packages/xparse/xparse.sty
(/usr/share/texlive/texmf-dist/tex/latex/l3kernel/expl3.sty
Package: expl3 2020-02-14 L3 programming layer (loader) 

(/usr/share/texlive/texmf-dist/tex/latex/l3backend/l3backend-xdvipdfmx.def
File: l3backend-xdvipdfmx.def 2020-02-03 L3 backend support: xdvipdfmx
\g__graphics_track_int=\count379
\l__pdf_internal_box=\box45
\g__pdf_backend_object_int=\count380
\g__pdf_backend_annotation_int=\count381
))
Package: xparse 2020-02-14 L3 Experimental document command parser
\l__xparse_current_arg_int=\count382
\g__xparse_grabber_int=\count383
\l__xparse_m_args_int=\count384
\l__xparse_v_nesting_int=\count385
)
Package: fontspec 2020/02/03 v2.7h Font selection for XeLaTeX and LuaLaTeX

(/usr/share/texlive/texmf-dist/tex/latex/fontspec/fontspec-xetex.sty
Package: fontspec-xetex 2020/02/03 v2.7h Font selection for XeLaTeX and LuaLaTe
X
\l__fontspec_script_int=\count386
\l__fontspec_language_int=\count387
\l__fontspec_strnum_int=\count388
\l__fontspec_tmp_int=\count389
\l__fontspec_tmpa_int=\count390
\l__fontspec_tmpb_int=\count391
\l__fontspec_tmpc_int=\count392
\l__fontspec_em_int=\count393
\l__fontspec_emdef_int=\count394
\l__fontspec_strong_int=\count395
\l__fontspec_strongdef_int=\count396
\l__fontspec_tmpa_dim=\dimen136
\l__fontspec_tmpb_dim=\dimen137
\l__fontspec_tmpc_dim=\dimen138

(/usr/share/texlive/texmf-dist/tex/latex/base/fontenc.sty
Package: fontenc 2020/02/11 v2.0o Standard LaTeX package
)
(/usr/share/texlive/texmf-dist/tex/latex/fontspec/fontspec.cfg)))
(/usr/share/texlive/texmf-dist/tex/latex/unicode-math/unicode-math.sty
Package: unicode-math 2020/01/31 v0.8q Unicode maths in XeLaTeX and LuaLaTeX

(/usr/share/texlive/texmf-dist/tex/latex/unicode-math/unicode-math-xetex.sty
Package: unicode-math-xetex 2020/01/31 v0.8q Unicode maths in XeLaTeX and LuaLa
TeX

(/usr/share/texlive/texmf-dist/tex/latex/l3packages/l3keys2e/l3keys2e.sty
Package: l3keys2e 2020-02-14 LaTeX2e option processing using LaTeX3 keys
)
(/usr/share/texlive/texmf-dist/tex/latex/base/fix-cm.sty
Package: fix-cm 2015/01/14 v1.1t fixes to LaTeX

(/usr/share/texlive/texmf-dist/tex/latex/base/ts1enc.def
File: ts1enc.def 2001/06/05 v3.0e (jk/car/fm) Standard LaTeX file
LaTeX Font Info:    Redeclaring font encoding TS1 on input line 47.
))
(/usr/share/texlive/texmf-dist/tex/latex/amsmath/amsmath.sty
Package: amsmath 2020/01/20 v2.17e AMS math features
\@mathmargin=\skip71

For additional information on amsmath, use the `?' option.
(/usr/share/texlive/texmf-dist/tex/latex/amsmath/amstext.sty
Package: amstext 2000/06/29 v2.01 AMS text

(/usr/share/texlive/texmf-dist/tex/latex/amsmath/amsgen.sty
File: amsgen.sty 1999/11/30 v2.0 generic functions
\@emptytoks=\toks16
\ex@=\dimen139
))
(/usr/share/texlive/texmf-dist/tex/latex/amsmath/amsbsy.sty
Package: amsbsy 1999/11/29 v1.2d Bold Symbols
\pmbraise@=\dimen140
)
(/usr/share/texlive/texmf-dist/tex/latex/amsmath/amsopn.sty
Package: amsopn 2016/03/08 v2.02 operator names
)
\inf@bad=\count397
LaTeX Info: Redefining \frac on input line 227.
\uproot@=\count398
\leftroot@=\count399
LaTeX Info: Redefining \overline on input line 389.
\classnum@=\count400
\DOTSCASE@=\count401
LaTeX Info: Redefining \ldots on input line 486.
LaTeX Info: Redefining \dots on input line 489.
LaTeX Info: Redefining \cdots on input line 610.
\Mathstrutbox@=\box46
\strutbox@=\box47
\big@size=\dimen141
LaTeX Font Info:    Redeclaring font encoding OML on input line 733.
LaTeX Font Info:    Redeclaring font encoding OMS on input line 734.
\macc@depth=\count402
\c@MaxMatrixCols=\count403
\dotsspace@=\muskip21
\c@parentequation=\count404
\dspbrk@lvl=\count405
\tag@help=\toks17
\row@=\count406
\column@=\count407
\maxfields@=\count408
\andhelp@=\toks18
\eqnshift@=\dimen142
\alignsep@=\dimen143
\tagshift@=\dimen144
\tagwidth@=\dimen145
\totwidth@=\dimen146
\lineht@=\dimen147
\@envbody=\toks19
\multlinegap=\skip72
\multlinetaggap=\skip73
\mathdisplay@stack=\toks20
LaTeX Info: Redefining \[ on input line 2859.
LaTeX Info: Redefining \] on input line 2860.
)
\g__um_fam_int=\count409
\g__um_fonts_used_int=\count410
\l__um_primecount_int=\count411
\g__um_primekern_muskip=\muskip22

(/usr/share/texlive/texmf-dist/tex/latex/unicode-math/unicode-math-table.tex)))

Package fontspec Info: Could not resolve font "Montserrat Black/I" (it
(fontspec)             probably doesn't exist).


! Package fontspec Error: The font "Montserrat Black" cannot be found.

For immediate help type H <return>.
 ...                                              
                                                  
l.235 ...{Montserrat}[BoldFont={Montserrat Black}]
                                                  

A font might not be found for many reasons.
 Check the spelling, where the font is installed etc. etc.

 When in doubt, ask someone for help!



! Package fontspec Error: The font "Montserrat Black" cannot be found.

For immediate help type H <return>.
 ...                                              
                                                  
l.235 ...{Montserrat}[BoldFont={Montserrat Black}]
                                                  

A font might not be found for many reasons.
 Check the spelling, where the font is installed etc. etc.

 When in doubt, ask someone for help!


! Cannot use \XeTeXOTcountfeatures with nullfont; not an OpenType Layout font.
<argument> \XeTeXOTcountfeatures \l_fontspec_font 
                                                  \l__fontspec_script_int \l...
l.235 ...{Montserrat}[BoldFont={Montserrat Black}]
                                                  

! Cannot use \XeTeXOTfeaturetag with nullfont; not an OpenType Layout font.
<argument> ...\XeTeXOTfeaturetag \l_fontspec_font 
                                                  \l__fontspec_script_int \l...
l.235 ...{Montserrat}[BoldFont={Montserrat Black}]
                                                  

! Missing = inserted for \ifnum.
<to be read again> 
                   \l__fontspec_script_int 
l.235 ...{Montserrat}[BoldFont={Montserrat Black}]
                                                  
I was expecting to see `<', `=', or `>'. Didn't.

! Cannot use \XeTeXOTfeaturetag with nullfont; not an OpenType Layout font.
<argument> ...\XeTeXOTfeaturetag \l_fontspec_font 
                                                  \l__fontspec_script_int \l...
l.235 ...{Montserrat}[BoldFont={Montserrat Black}]
                                                  

! Missing = inserted for \ifnum.
<to be read again> 
                   \l__fontspec_script_int 
l.235 ...{Montserrat}[BoldFont={Montserrat Black}]
                                                  
I was expecting to see `<', `=', or `>'. Didn't.

! Cannot use \XeTeXOTfeaturetag with nullfont; not an OpenType Layout font.
<argument> ...\XeTeXOTfeaturetag \l_fontspec_font 
                                                  \l__fontspec_script_int \l...
l.235 ...{Montserrat}[BoldFont={Montserrat Black}]
                                                  

! Missing = inserted for \ifnum.
<to be read again> 
                   \l__fontspec_script_int 
l.235 ...{Montserrat}[BoldFont={Montserrat Black}]
                                                  
I was expecting to see `<', `=', or `>'. Didn't.

! Cannot use \XeTeXOTfeaturetag with nullfont; not an OpenType Layout font.
<argument> ...\XeTeXOTfeaturetag \l_fontspec_font 
                                                  \l__fontspec_script_int \l...
l.235 ...{Montserrat}[BoldFont={Montserrat Black}]
                                                  

! Missing = inserted for \ifnum.
<to be read again> 
                   \l__fontspec_script_int 
l.235 ...{Montserrat}[BoldFont={Montserrat Black}]
                                                  
I was expecting to see `<', `=', or `>'. Didn't.

! Cannot use \XeTeXOTfeaturetag with nullfont; not an OpenType Layout font.
<argument> ...\XeTeXOTfeaturetag \l_fontspec_font 
                                                  \l__fontspec_script_int \l...
l.235 ...{Montserrat}[BoldFont={Montserrat Black}]
                                                  

! Missing = inserted for \ifnum.
<to be read again> 
                   \l__fontspec_script_int 
l.235 ...{Montserrat}[BoldFont={Montserrat Black}]
                                                  
I was expecting to see `<', `=', or `>'. Didn't.

! Cannot use \XeTeXOTfeaturetag with nullfont; not an OpenType Layout font.
<argument> ...\XeTeXOTfeaturetag \l_fontspec_font 
                                                  \l__fontspec_script_int \l...
l.235 ...{Montserrat}[BoldFont={Montserrat Black}]
                                                  

! Missing = inserted for \ifnum.
<to be read again> 
                   \l__fontspec_script_int 
l.235 ...{Montserrat}[BoldFont={Montserrat Black}]
                                                  
I was expecting to see `<', `=', or `>'. Didn't.

! Cannot use \XeTeXOTfeaturetag with nullfont; not an OpenType Layout font.
<argument> ...\XeTeXOTfeaturetag \l_fontspec_font 
                                                  \l__fontspec_script_int \l...
l.235 ...{Montserrat}[BoldFont={Montserrat Black}]
                                                  

! Missing = inserted for \ifnum.
<to be read again> 
                   \l__fontspec_script_int 
l.235 ...{Montserrat}[BoldFont={Montserrat Black}]
                                                  
I was expecting to see `<', `=', or `>'. Didn't.

! Cannot use \XeTeXOTfeaturetag with nullfont; not an OpenType Layout font.
<argument> ...\XeTeXOTfeaturetag \l_fontspec_font 
                                                  \l__fontspec_script_int \l...
l.235 ...{Montserrat}[BoldFont={Montserrat Black}]
                                                  

! Missing = inserted for \ifnum.
<to be read again> 
                   \l__fontspec_script_int 
l.235 ...{Montserrat}[BoldFont={Montserrat Black}]
                                                  
I was expecting to see `<', `=', or `>'. Didn't.

! Cannot use \XeTeXOTfeaturetag with nullfont; not an OpenType Layout font.
<argument> ...\XeTeXOTfeaturetag \l_fontspec_font 
                                                  \l__fontspec_script_int \l...
l.235 ...{Montserrat}[BoldFont={Montserrat Black}]
                                                  

! Missing = inserted for \ifnum.
<to be read again> 
                   \l__fontspec_script_int 
l.235 ...{Montserrat}[BoldFont={Montserrat Black}]
                                                  
I was expecting to see `<', `=', or `>'. Didn't.

! Cannot use \XeTeXOTfeaturetag with nullfont; not an OpenType Layout font.
<argument> ...\XeTeXOTfeaturetag \l_fontspec_font 
                                                  \l__fontspec_script_int \l...
l.235 ...{Montserrat}[BoldFont={Montserrat Black}]
                                                  

! Missing = inserted for \ifnum.
<to be read again> 
                   \l__fontspec_script_int 
l.235 ...{Montserrat}[BoldFont={Montserrat Black}]
                                                  
I was expecting to see `<', `=', or `>'. Didn't.

! Cannot use \XeTeXOTfeaturetag with nullfont; not an OpenType Layout font.
<argument> ...\XeTeXOTfeaturetag \l_fontspec_font 
                                                  \l__fontspec_script_int \l...
l.235 ...{Montserrat}[BoldFont={Montserrat Black}]
                                                  

! Missing = inserted for \ifnum.
<to be read again> 
                   \l__fontspec_script_int 
l.235 ...{Montserrat}[BoldFont={Montserrat Black}]
                                                  
I was expecting to see `<', `=', or `>'. Didn't.

! Cannot use \XeTeXOTfeaturetag with nullfont; not an OpenType Layout font.
<argument> ...\XeTeXOTfeaturetag \l_fontspec_font 
                                                  \l__fontspec_script_int \l...
l.235 ...{Montserrat}[BoldFont={Montserrat Black}]
                                                  

! Missing = inserted for \ifnum.
<to be read again> 
                   \l__fontspec_script_int 
l.235 ...{Montserrat}[BoldFont={Montserrat Black}]
                                                  
I was expecting to see `<', `=', or `>'. Didn't.

! Cannot use \XeTeXOTfeaturetag with nullfont; not an OpenType Layout font.
<argument> ...\XeTeXOTfeaturetag \l_fontspec_font 
                                                  \l__fontspec_script_int \l...
l.235 ...{Montserrat}[BoldFont={Montserrat Black}]
                                                  

! Missing = inserted for \ifnum.
<to be read again> 
                   \l__fontspec_script_int 
l.235 ...{Montserrat}[BoldFont={Montserrat Black}]
                                                  
I was expecting to see `<', `=', or `>'. Didn't.

! Cannot use \XeTeXOTfeaturetag with nullfont; not an OpenType Layout font.
<argument> ...\XeTeXOTfeaturetag \l_fontspec_font 
                                                  \l__fontspec_script_int \l...
l.235 ...{Montserrat}[BoldFont={Montserrat Black}]
                                                  

! Missing = inserted for \ifnum.
<to be read again> 
                   \l__fontspec_script_int 
l.235 ...{Montserrat}[BoldFont={Montserrat Black}]
                                                  
I was expecting to see `<', `=', or `>'. Didn't.

! Cannot use \XeTeXOTfeaturetag with nullfont; not an OpenType Layout font.
<argument> ...\XeTeXOTfeaturetag \l_fontspec_font 
                                                  \l__fontspec_script_int \l...
l.235 ...{Montserrat}[BoldFont={Montserrat Black}]
                                                  

! Missing = inserted for \ifnum.
<to be read again> 
                   \l__fontspec_script_int 
l.235 ...{Montserrat}[BoldFont={Montserrat Black}]
                                                  
I was expecting to see `<', `=', or `>'. Didn't.

! Cannot use \XeTeXOTfeaturetag with nullfont; not an OpenType Layout font.
<argument> ...\XeTeXOTfeaturetag \l_fontspec_font 
                                                  \l__fontspec_script_int \l...
l.235 ...{Montserrat}[BoldFont={Montserrat Black}]
                                                  

! Missing = inserted for \ifnum.
<to be read again> 
                   \l__fontspec_script_int 
l.235 ...{Montserrat}[BoldFont={Montserrat Black}]
                                                  
I was expecting to see `<', `=', or `>'. Didn't.

! Cannot use \XeTeXOTfeaturetag with nullfont; not an OpenType Layout font.
<argument> ...\XeTeXOTfeaturetag \l_fontspec_font 
                                                  \l__fontspec_script_int \l...
l.235 ...{Montserrat}[BoldFont={Montserrat Black}]
                                                  

! Missing = inserted for \ifnum.
<to be read again> 
                   \l__fontspec_script_int 
l.235 ...{Montserrat}[BoldFont={Montserrat Black}]
                                                  
I was expecting to see `<', `=', or `>'. Didn't.

! Cannot use \XeTeXOTfeaturetag with nullfont; not an OpenType Layout font.
<argument> ...\XeTeXOTfeaturetag \l_fontspec_font 
                                                  \l__fontspec_script_int \l...
l.235 ...{Montserrat}[BoldFont={Montserrat Black}]
                                                  

! Missing = inserted for \ifnum.
<to be read again> 
                   \l__fontspec_script_int 
l.235 ...{Montserrat}[BoldFont={Montserrat Black}]
                                                  
I was expecting to see `<', `=', or `>'. Didn't.

! Cannot use \XeTeXOTfeaturetag with nullfont; not an OpenType Layout font.
<argument> ...\XeTeXOTfeaturetag \l_fontspec_font 
                                                  \l__fontspec_script_int \l...
l.235 ...{Montserrat}[BoldFont={Montserrat Black}]
                                                  

! Missing = inserted for \ifnum.
<to be read again> 
                   \l__fontspec_script_int 
l.235 ...{Montserrat}[BoldFont={Montserrat Black}]
                                                  
I was expecting to see `<', `=', or `>'. Didn't.

! Cannot use \XeTeXOTfeaturetag with nullfont; not an OpenType Layout font.
<argument> ...\XeTeXOTfeaturetag \l_fontspec_font 
                                                  \l__fontspec_script_int \l...
l.235 ...{Montserrat}[BoldFont={Montserrat Black}]
                                                  

! Missing = inserted for \ifnum.
<to be read again> 
                   \l__fontspec_script_int 
l.235 ...{Montserrat}[BoldFont={Montserrat Black}]
                                                  
I was expecting to see `<', `=', or `>'. Didn't.

! Cannot use \XeTeXOTfeaturetag with nullfont; not an OpenType Layout font.
<argument> ...\XeTeXOTfeaturetag \l_fontspec_font 
                                                  \l__fontspec_script_int \l...
l.235 ...{Montserrat}[BoldFont={Montserrat Black}]
                                                  

! Missing = inserted for \ifnum.
<to be read again> 
                   \l__fontspec_script_int 
l.235 ...{Montserrat}[BoldFont={Montserrat Black}]
                                                  
I was expecting to see `<', `=', or `>'. Didn't.

! Cannot use \XeTeXOTfeaturetag with nullfont; not an OpenType Layout font.
<argument> ...\XeTeXOTfeaturetag \l_fontspec_font 
                                                  \l__fontspec_script_int \l...
l.235 ...{Montserrat}[BoldFont={Montserrat Black}]
                                                  

! Missing = inserted for \ifnum.
<to be read again> 
                   \l__fontspec_script_int 
l.235 ...{Montserrat}[BoldFont={Montserrat Black}]
                                                  
I was expecting to see `<', `=', or `>'. Didn't.

! Cannot use \XeTeXOTfeaturetag with nullfont; not an OpenType Layout font.
<argument> ...\XeTeXOTfeaturetag \l_fontspec_font 
                                                  \l__fontspec_script_int \l...
l.235 ...{Montserrat}[BoldFont={Montserrat Black}]
                                                  

! Missing = inserted for \ifnum.
<to be read again> 
                   \l__fontspec_script_int 
l.235 ...{Montserrat}[BoldFont={Montserrat Black}]
                                                  
I was expecting to see `<', `=', or `>'. Didn't.

! Cannot use \XeTeXOTfeaturetag with nullfont; not an OpenType Layout font.
<argument> ...\XeTeXOTfeaturetag \l_fontspec_font 
                                                  \l__fontspec_script_int \l...
l.235 ...{Montserrat}[BoldFont={Montserrat Black}]
                                                  

! Missing = inserted for \ifnum.
<to be read again> 
                   \l__fontspec_script_int 
l.235 ...{Montserrat}[BoldFont={Montserrat Black}]
                                                  
I was expecting to see `<', `=', or `>'. Didn't.

! Cannot use \XeTeXOTfeaturetag with nullfont; not an OpenType Layout font.
<argument> ...\XeTeXOTfeaturetag \l_fontspec_font 
                                                  \l__fontspec_script_int \l...
l.235 ...{Montserrat}[BoldFont={Montserrat Black}]
                                                  

! Missing = inserted for \ifnum.
<to be read again> 
                   \l__fontspec_script_int 
l.235 ...{Montserrat}[BoldFont={Montserrat Black}]
                                                  
I was expecting to see `<', `=', or `>'. Didn't.

! Cannot use \XeTeXOTfeaturetag with nullfont; not an OpenType Layout font.
<argument> ...\XeTeXOTfeaturetag \l_fontspec_font 
                                                  \l__fontspec_script_int \l...
l.235 ...{Montserrat}[BoldFont={Montserrat Black}]
                                                  

! Missing = inserted for \ifnum.
<to be read again> 
                   \l__fontspec_script_int 
l.235 ...{Montserrat}[BoldFont={Montserrat Black}]
                                                  
I was expecting to see `<', `=', or `>'. Didn't.

! Cannot use \XeTeXOTfeaturetag with nullfont; not an OpenType Layout font.
<argument> ...\XeTeXOTfeaturetag \l_fontspec_font 
                                                  \l__fontspec_script_int \l...
l.235 ...{Montserrat}[BoldFont={Montserrat Black}]
                                                  

! Missing = inserted for \ifnum.
<to be read again> 
                   \l__fontspec_script_int 
l.235 ...{Montserrat}[BoldFont={Montserrat Black}]
                                                  
I was expecting to see `<', `=', or `>'. Didn't.

! Cannot use \XeTeXOTfeaturetag with nullfont; not an OpenType Layout font.
<argument> ...\XeTeXOTfeaturetag \l_fontspec_font 
                                                  \l__fontspec_script_int \l...
l.235 ...{Montserrat}[BoldFont={Montserrat Black}]
                                                  

! Missing = inserted for \ifnum.
<to be read again> 
                   \l__fontspec_script_int 
l.235 ...{Montserrat}[BoldFont={Montserrat Black}]
                                                  
I was expecting to see `<', `=', or `>'. Didn't.

! Cannot use \XeTeXOTfeaturetag with nullfont; not an OpenType Layout font.
<argument> ...\XeTeXOTfeaturetag \l_fontspec_font 
                                                  \l__fontspec_script_int \l...
l.235 ...{Montserrat}[BoldFont={Montserrat Black}]
                                                  

! Missing = inserted for \ifnum.
<to be read again> 
                   \l__fontspec_script_int 
l.235 ...{Montserrat}[BoldFont={Montserrat Black}]
                                                  
I was expecting to see `<', `=', or `>'. Didn't.

! Cannot use \XeTeXOTfeaturetag with nullfont; not an OpenType Layout font.
<argument> ...\XeTeXOTfeaturetag \l_fontspec_font 
                                                  \l__fontspec_script_int \l...
l.235 ...{Montserrat}[BoldFont={Montserrat Black}]
                                                  

! Missing = inserted for \ifnum.
<to be read again> 
                   \l__fontspec_script_int 
l.235 ...{Montserrat}[BoldFont={Montserrat Black}]
                                                  
I was expecting to see `<', `=', or `>'. Didn't.

! Cannot use \XeTeXOTfeaturetag with nullfont; not an OpenType Layout font.
<argument> ...\XeTeXOTfeaturetag \l_fontspec_font 
                                                  \l__fontspec_script_int \l...
l.235 ...{Montserrat}[BoldFont={Montserrat Black}]
                                                  

! Missing = inserted for \ifnum.
<to be read again> 
                   \l__fontspec_script_int 
l.235 ...{Montserrat}[BoldFont={Montserrat Black}]
                                                  
I was expecting to see `<', `=', or `>'. Didn't.

! Cannot use \XeTeXOTfeaturetag with nullfont; not an OpenType Layout font.
<argument> ...\XeTeXOTfeaturetag \l_fontspec_font 
                                                  \l__fontspec_script_int \l...
l.235 ...{Montserrat}[BoldFont={Montserrat Black}]
                                                  

! Missing = inserted for \ifnum.
<to be read again> 
                   \l__fontspec_script_int 
l.235 ...{Montserrat}[BoldFont={Montserrat Black}]
                                                  
I was expecting to see `<', `=', or `>'. Didn't.

! Cannot use \XeTeXOTfeaturetag with nullfont; not an OpenType Layout font.
<argument> ...\XeTeXOTfeaturetag \l_fontspec_font 
                                                  \l__fontspec_script_int \l...
l.235 ...{Montserrat}[BoldFont={Montserrat Black}]
                                                  

! Missing = inserted for \ifnum.
<to be read again> 
                   \l__fontspec_script_int 
l.235 ...{Montserrat}[BoldFont={Montserrat Black}]
                                                  
I was expecting to see `<', `=', or `>'. Didn't.

! Cannot use \XeTeXOTfeaturetag with nullfont; not an OpenType Layout font.
<argument> ...\XeTeXOTfeaturetag \l_fontspec_font 
                                                  \l__fontspec_script_int \l...
l.235 ...{Montserrat}[BoldFont={Montserrat Black}]
                                                  

! Missing = inserted for \ifnum.
<to be read again> 
                   \l__fontspec_script_int 
l.235 ...{Montserrat}[BoldFont={Montserrat Black}]
                                                  
I was expecting to see `<', `=', or `>'. Didn't.

! Cannot use \XeTeXOTfeaturetag with nullfont; not an OpenType Layout font.
<argument> ...\XeTeXOTfeaturetag \l_fontspec_font 
                                                  \l__fontspec_script_int \l...
l.235 ...{Montserrat}[BoldFont={Montserrat Black}]
                                                  

! Missing = inserted for \ifnum.
<to be read again> 
                   \l__fontspec_script_int 
l.235 ...{Montserrat}[BoldFont={Montserrat Black}]
                                                  
I was expecting to see `<', `=', or `>'. Didn't.

! Cannot use \XeTeXOTfeaturetag with nullfont; not an OpenType Layout font.
<argument> ...\XeTeXOTfeaturetag \l_fontspec_font 
                                                  \l__fontspec_script_int \l...
l.235 ...{Montserrat}[BoldFont={Montserrat Black}]
                                                  

! Missing = inserted for \ifnum.
<to be read again> 
                   \l__fontspec_script_int 
l.235 ...{Montserrat}[BoldFont={Montserrat Black}]
                                                  
I was expecting to see `<', `=', or `>'. Didn't.

! Cannot use \XeTeXOTfeaturetag with nullfont; not an OpenType Layout font.
<argument> ...\XeTeXOTfeaturetag \l_fontspec_font 
                                                  \l__fontspec_script_int \l...
l.235 ...{Montserrat}[BoldFont={Montserrat Black}]
                                                  

! Missing = inserted for \ifnum.
<to be read again> 
                   \l__fontspec_script_int 
l.235 ...{Montserrat}[BoldFont={Montserrat Black}]
                                                  
I was expecting to see `<', `=', or `>'. Didn't.

! Cannot use \XeTeXOTfeaturetag with nullfont; not an OpenType Layout font.
<argument> ...\XeTeXOTfeaturetag \l_fontspec_font 
                                                  \l__fontspec_script_int \l...
l.235 ...{Montserrat}[BoldFont={Montserrat Black}]
                                                  

! Missing = inserted for \ifnum.
<to be read again> 
                   \l__fontspec_script_int 
l.235 ...{Montserrat}[BoldFont={Montserrat Black}]
                                                  
I was expecting to see `<', `=', or `>'. Didn't.

! Cannot use \XeTeXOTfeaturetag with nullfont; not an OpenType Layout font.
<argument> ...\XeTeXOTfeaturetag \l_fontspec_font 
                                                  \l__fontspec_script_int \l...
l.235 ...{Montserrat}[BoldFont={Montserrat Black}]
                                                  

! Missing = inserted for \ifnum.
<to be read again> 
                   \l__fontspec_script_int 
l.235 ...{Montserrat}[BoldFont={Montserrat Black}]
                                                  
I was expecting to see `<', `=', or `>'. Didn't.

! Cannot use \XeTeXOTfeaturetag with nullfont; not an OpenType Layout font.
<argument> ...\XeTeXOTfeaturetag \l_fontspec_font 
                                                  \l__fontspec_script_int \l...
l.235 ...{Montserrat}[BoldFont={Montserrat Black}]
                                                  

! Missing = inserted for \ifnum.
<to be read again> 
                   \l__fontspec_script_int 
l.235 ...{Montserrat}[BoldFont={Montserrat Black}]
                                                  
I was expecting to see `<', `=', or `>'. Didn't.

! Cannot use \XeTeXOTfeaturetag with nullfont; not an OpenType Layout font.
<argument> ...\XeTeXOTfeaturetag \l_fontspec_font 
                                                  \l__fontspec_script_int \l...
l.235 ...{Montserrat}[BoldFont={Montserrat Black}]
                                                  

! Missing = inserted for \ifnum.
<to be read again> 
                   \l__fontspec_script_int 
l.235 ...{Montserrat}[BoldFont={Montserrat Black}]
                                                  
I was expecting to see `<', `=', or `>'. Didn't.

! Cannot use \XeTeXOTfeaturetag with nullfont; not an OpenType Layout font.
<argument> ...\XeTeXOTfeaturetag \l_fontspec_font 
                                                  \l__fontspec_script_int \l...
l.235 ...{Montserrat}[BoldFont={Montserrat Black}]
                                                  

! Missing = inserted for \ifnum.
<to be read again> 
                   \l__fontspec_script_int 
l.235 ...{Montserrat}[BoldFont={Montserrat Black}]
                                                  
I was expecting to see `<', `=', or `>'. Didn't.

! Cannot use \XeTeXOTfeaturetag with nullfont; not an OpenType Layout font.
<argument> ...\XeTeXOTfeaturetag \l_fontspec_font 
                                                  \l__fontspec_script_int \l...
l.235 ...{Montserrat}[BoldFont={Montserrat Black}]
                                                  

! Missing = inserted for \ifnum.
<to be read again> 
                   \l__fontspec_script_int 
l.235 ...{Montserrat}[BoldFont={Montserrat Black}]
                                                  
I was expecting to see `<', `=', or `>'. Didn't.

! Cannot use \XeTeXOTfeaturetag with nullfont; not an OpenType Layout font.
<argument> ...\XeTeXOTfeaturetag \l_fontspec_font 
                                                  \l__fontspec_script_int \l...
l.235 ...{Montserrat}[BoldFont={Montserrat Black}]
                                                  

! Missing = inserted for \ifnum.
<to be read again> 
                   \l__fontspec_script_int 
l.235 ...{Montserrat}[BoldFont={Montserrat Black}]
                                                  
I was expecting to see `<', `=', or `>'. Didn't.

! Cannot use \XeTeXOTfeaturetag with nullfont; not an OpenType Layout font.
<argument> ...\XeTeXOTfeaturetag \l_fontspec_font 
                                                  \l__fontspec_script_int \l...
l.235 ...{Montserrat}[BoldFont={Montserrat Black}]
                                                  

! Missing = inserted for \ifnum.
<to be read again> 
                   \l__fontspec_script_int 
l.235 ...{Montserrat}[BoldFont={Montserrat Black}]
                                                  
I was expecting to see `<', `=', or `>'. Didn't.

! Cannot use \XeTeXOTfeaturetag with nullfont; not an OpenType Layout font.
<argument> ...\XeTeXOTfeaturetag \l_fontspec_font 
                                                  \l__fontspec_script_int \l...
l.235 ...{Montserrat}[BoldFont={Montserrat Black}]
                                                  

! Missing = inserted for \ifnum.
<to be read again> 
                   \l__fontspec_script_int 
l.235 ...{Montserrat}[BoldFont={Montserrat Black}]
                                                  
I was expecting to see `<', `=', or `>'. Didn't.

! Cannot use \XeTeXOTfeaturetag with nullfont; not an OpenType Layout font.
<argument> ...\XeTeXOTfeaturetag \l_fontspec_font 
                                                  \l__fontspec_script_int \l...
l.235 ...{Montserrat}[BoldFont={Montserrat Black}]
                                                  

! Missing = inserted for \ifnum.
<to be read again> 
                   \l__fontspec_script_int 
l.235 ...{Montserrat}[BoldFont={Montserrat Black}]
                                                  
I was expecting to see `<', `=', or `>'. Didn't.

! Cannot use \XeTeXOTfeaturetag with nullfont; not an OpenType Layout font.
<argument> ...\XeTeXOTfeaturetag \l_fontspec_font 
                                                  \l__fontspec_script_int \l...
l.235 ...{Montserrat}[BoldFont={Montserrat Black}]
                                                  

! Missing = inserted for \ifnum.
<to be read again> 
                   \l__fontspec_script_int 
l.235 ...{Montserrat}[BoldFont={Montserrat Black}]
                                                  
(That makes 100 errors; please try again.) 
Here is how much of TeX's memory you used:
 15328 strings out of 481772
 305090 string characters out of 5936452
 1072634 words of memory out of 5000000
 32227 multiletter control sequences out of 15000+600000
 532394 words of font info for 31 fonts, out of 8000000 for 9000
 14 hyphenation exceptions out of 8191
 54i,0n,82p,857b,262s stack positions out of 5000i,500n,10000p,200000b,80000s

No pages of output.
