This is XeTeX, Version 3.14159265-2.6-0.999992 (TeX Live 2020/Debian) (preloaded format=xelatex 2023.5.5)  6 MAY 2023 09:49
entering extended mode
 \write18 enabled.
 file:line:error style messages enabled.
 %&-line parsing enabled.
**./CluyseDylanBP.tex
(./CluyseDylanBP.tex
LaTeX2e <2020-10-01> patch level 4
L3 programming layer <2021-01-09> xparse <2020-03-03> (./hogentreport.cls
Document Class: hogentreport 2022/06/20 Hogeschool Gent report/thesis class
(/usr/share/texlive/texmf-dist/tex/latex/xkeyval/xkeyval.sty
Package: xkeyval 2020/11/20 v2.8 package option processing (HA)

(/usr/share/texlive/texmf-dist/tex/generic/xkeyval/xkeyval.tex
(/usr/share/texlive/texmf-dist/tex/generic/xkeyval/xkvutils.tex
\XKV@toks=\toks15
\XKV@tempa@toks=\toks16

(/usr/share/texlive/texmf-dist/tex/generic/xkeyval/keyval.tex))
\XKV@depth=\count173
File: xkeyval.tex 2014/12/03 v2.7a key=value parser (HA)
))
(/usr/share/texlive/texmf-dist/tex/generic/oberdiek/iflang.sty
Package: iflang 2018/01/21 v1.7 Checks for the current language (HO)

(/usr/share/texlive/texmf-dist/tex/generic/infwarerr/infwarerr.sty
Package: infwarerr 2019/12/03 v1.5 Providing info/warning/error messages (HO)
)
(/usr/share/texlive/texmf-dist/tex/generic/pdftexcmds/pdftexcmds.sty
Package: pdftexcmds 2020-06-27 v0.33 Utility functions of pdfTeX for LuaTeX (HO
)

(/usr/share/texlive/texmf-dist/tex/generic/iftex/iftex.sty
Package: iftex 2020/03/06 v1.0d TeX engine tests
)
(/usr/share/texlive/texmf-dist/tex/generic/ltxcmds/ltxcmds.sty
Package: ltxcmds 2020-05-10 v1.25 LaTeX kernel commands for general use (HO)
)
Package pdftexcmds Info: \pdf@primitive is available.
Package pdftexcmds Info: \pdf@ifprimitive is available.
Package pdftexcmds Info: \pdfdraftmode not found.
)
Package iflang Info: Naming convention for patterns: babel.
)
(/usr/share/texlive/texmf-dist/tex/latex/base/book.cls
Document Class: book 2020/04/10 v1.4m Standard LaTeX document class
(/usr/share/texlive/texmf-dist/tex/latex/base/bk11.clo
File: bk11.clo 2020/04/10 v1.4m Standard LaTeX file (size option)
)
\c@part=\count174
\c@chapter=\count175
\c@section=\count176
\c@subsection=\count177
\c@subsubsection=\count178
\c@paragraph=\count179
\c@subparagraph=\count180
\c@figure=\count181
\c@table=\count182
\abovecaptionskip=\skip47
\belowcaptionskip=\skip48
\bibindent=\dimen138
)
(/usr/share/texlive/texmf-dist/tex/generic/babel/babel.sty
Package: babel 2021/01/26 3.53 The Babel package

(/usr/share/texlive/texmf-dist/tex/generic/babel/babel.def
File: babel.def 2021/01/26 3.53 Babel common definitions
\babel@savecnt=\count183
\U@D=\dimen139
\l@babelnohyphens=\language30

(/usr/share/texlive/texmf-dist/tex/generic/babel/xebabel.def
(/usr/share/texlive/texmf-dist/tex/generic/babel/txtbabel.def))
\bbl@readstream=\read2
)
\bbl@dirlevel=\count184

(/usr/share/texlive/texmf-dist/tex/generic/babel-dutch/dutch.ldf
Language: dutch 2020/10/29 v3.8j Dutch support from the babel system
Package babel Info: Making " an active character on input line 127.
))
(/usr/share/texlive/texmf-dist/tex/latex/biblatex/biblatex.sty
Package: biblatex 2020/12/31 v3.16 programmable bibliographies (PK/MW)

(/usr/share/texlive/texmf-dist/tex/latex/etoolbox/etoolbox.sty
Package: etoolbox 2020/10/05 v2.5k e-TeX tools for LaTeX (JAW)
\etb@tempcnta=\count185
)
(/usr/share/texlive/texmf-dist/tex/latex/kvoptions/kvoptions.sty
Package: kvoptions 2020-10-07 v3.14 Key value format for package options (HO)

(/usr/share/texlive/texmf-dist/tex/generic/kvsetkeys/kvsetkeys.sty
Package: kvsetkeys 2019/12/15 v1.18 Key value parser (HO)
))
(/usr/share/texlive/texmf-dist/tex/latex/logreq/logreq.sty
Package: logreq 2010/08/04 v1.0 xml request logger
\lrq@indent=\count186

(/usr/share/texlive/texmf-dist/tex/latex/logreq/logreq.def
File: logreq.def 2010/08/04 v1.0 logreq spec v1.0
))
(/usr/share/texlive/texmf-dist/tex/latex/base/ifthen.sty
Package: ifthen 2014/09/29 v1.1c Standard LaTeX ifthen package (DPC)
)
(/usr/share/texlive/texmf-dist/tex/latex/url/url.sty
\Urlmuskip=\muskip16
Package: url 2013/09/16  ver 3.4  Verb mode for urls, etc.
)
\c@tabx@nest=\count187
\c@listtotal=\count188
\c@listcount=\count189
\c@liststart=\count190
\c@liststop=\count191
\c@citecount=\count192
\c@citetotal=\count193
\c@multicitecount=\count194
\c@multicitetotal=\count195
\c@instcount=\count196
\c@maxnames=\count197
\c@minnames=\count198
\c@maxitems=\count199
\c@minitems=\count266
\c@citecounter=\count267
\c@maxcitecounter=\count268
\c@savedcitecounter=\count269
\c@uniquelist=\count270
\c@uniquename=\count271
\c@refsection=\count272
\c@refsegment=\count273
\c@maxextratitle=\count274
\c@maxextratitleyear=\count275
\c@maxextraname=\count276
\c@maxextradate=\count277
\c@maxextraalpha=\count278
\c@abbrvpenalty=\count279
\c@highnamepenalty=\count280
\c@lownamepenalty=\count281
\c@maxparens=\count282
\c@parenlevel=\count283
\blx@tempcnta=\count284
\blx@tempcntb=\count285
\blx@tempcntc=\count286
\blx@maxsection=\count287
\blx@maxsegment@0=\count288
\blx@notetype=\count289
\blx@parenlevel@text=\count290
\blx@parenlevel@foot=\count291
\blx@sectionciteorder@0=\count292
\blx@entrysetcounter=\count293
\blx@biblioinstance=\count294
\labelnumberwidth=\skip49
\labelalphawidth=\skip50
\biblabelsep=\skip51
\bibitemsep=\skip52
\bibnamesep=\skip53
\bibinitsep=\skip54
\bibparsep=\skip55
\bibhang=\skip56
\blx@bcfin=\read3
\blx@bcfout=\write3
\blx@langwohyphens=\language31
\c@mincomprange=\count295
\c@maxcomprange=\count296
\c@mincompwidth=\count297
Package biblatex Info: Trying to load biblatex default data model...
Package biblatex Info: ... file 'blx-dm.def' found.

(/usr/share/texlive/texmf-dist/tex/latex/biblatex/blx-dm.def
File: blx-dm.def 2020/12/31 v3.16 biblatex localization (PK/MW)
)
Package biblatex Info: Trying to load biblatex style data model...
Package biblatex Info: ... file 'apa.dbx' found.

(/usr/share/texlive/texmf-dist/tex/latex/biblatex-apa/apa.dbx
File: apa.dbx 2020/08/28 v9.14 APA biblatex style data model
)
Package biblatex Info: Trying to load biblatex custom data model...
Package biblatex Info: ... file 'biblatex-dm.cfg' not found.
\c@afterword=\count298
\c@savedafterword=\count299
\c@annotator=\count300
\c@savedannotator=\count301
\c@author=\count302
\c@savedauthor=\count303
\c@bookauthor=\count304
\c@savedbookauthor=\count305
\c@commentator=\count306
\c@savedcommentator=\count307
\c@editor=\count308
\c@savededitor=\count309
\c@editora=\count310
\c@savededitora=\count311
\c@editorb=\count312
\c@savededitorb=\count313
\c@editorc=\count314
\c@savededitorc=\count315
\c@foreword=\count316
\c@savedforeword=\count317
\c@holder=\count318
\c@savedholder=\count319
\c@introduction=\count320
\c@savedintroduction=\count321
\c@namea=\count322
\c@savednamea=\count323
\c@nameb=\count324
\c@savednameb=\count325
\c@namec=\count326
\c@savednamec=\count327
\c@translator=\count328
\c@savedtranslator=\count329
\c@shortauthor=\count330
\c@savedshortauthor=\count331
\c@shorteditor=\count332
\c@savedshorteditor=\count333
\c@groupauthor=\count334
\c@savedgroupauthor=\count335
\c@narrator=\count336
\c@savednarrator=\count337
\c@execproducer=\count338
\c@savedexecproducer=\count339
\c@execdirector=\count340
\c@savedexecdirector=\count341
\c@with=\count342
\c@savedwith=\count343
\c@labelname=\count344
\c@savedlabelname=\count345
\c@institution=\count346
\c@savedinstitution=\count347
\c@lista=\count348
\c@savedlista=\count349
\c@listb=\count350
\c@savedlistb=\count351
\c@listc=\count352
\c@savedlistc=\count353
\c@listd=\count354
\c@savedlistd=\count355
\c@liste=\count356
\c@savedliste=\count357
\c@listf=\count358
\c@savedlistf=\count359
\c@location=\count360
\c@savedlocation=\count361
\c@organization=\count362
\c@savedorganization=\count363
\c@origlocation=\count364
\c@savedoriglocation=\count365
\c@origpublisher=\count366
\c@savedorigpublisher=\count367
\c@publisher=\count368
\c@savedpublisher=\count369
\c@language=\count370
\c@savedlanguage=\count371
\c@origlanguage=\count372
\c@savedoriglanguage=\count373
\c@citation=\count374
\c@savedcitation=\count375
\c@pageref=\count376
\c@savedpageref=\count377
\shorthandwidth=\skip57
\shortjournalwidth=\skip58
\shortserieswidth=\skip59
\shorttitlewidth=\skip60
\shortauthorwidth=\skip61
\shorteditorwidth=\skip62
\locallabelnumberwidth=\skip63
\locallabelalphawidth=\skip64
\localshorthandwidth=\skip65
\localshortjournalwidth=\skip66
\localshortserieswidth=\skip67
\localshorttitlewidth=\skip68
\localshortauthorwidth=\skip69
\localshorteditorwidth=\skip70
Package biblatex Info: Trying to load enhanced support for Unicode engines...
Package biblatex Info: ... file 'blx-unicode.def' found.

(/usr/share/texlive/texmf-dist/tex/latex/biblatex/blx-unicode.def)
Package biblatex Info: Trying to load compatibility code...
Package biblatex Info: ... file 'blx-compat.def' found.

(/usr/share/texlive/texmf-dist/tex/latex/biblatex/blx-compat.def
File: blx-compat.def 2020/12/31 v3.16 biblatex compatibility (PK/MW)
)
Package biblatex Info: Trying to load generic definitions...
Package biblatex Info: ... file 'biblatex.def' found.

(/usr/share/texlive/texmf-dist/tex/latex/biblatex/biblatex.def
File: biblatex.def 2020/12/31 v3.16 biblatex compatibility (PK/MW)
\c@textcitecount=\count378
\c@textcitetotal=\count379
\c@textcitemaxnames=\count380
\c@biburlbigbreakpenalty=\count381
\c@biburlbreakpenalty=\count382
\c@biburlnumpenalty=\count383
\c@biburlucpenalty=\count384
\c@biburllcpenalty=\count385
\biburlbigskip=\muskip17
\biburlnumskip=\muskip18
\biburlucskip=\muskip19
\biburllcskip=\muskip20
\c@smartand=\count386
)
Package biblatex Info: Trying to load natbib compatibility...
Package biblatex Info: ... file 'blx-natbib.def' found.

(/usr/share/texlive/texmf-dist/tex/latex/biblatex/blx-natbib.def
File: blx-natbib.def 2020/12/31 v3.16 biblatex compatibility (PK/MW)
Package biblatex Info: Delimiter 'nameyeardelim' in context '' already defined,
 overwriting.
)
Package biblatex Info: Trying to load bibliography style 'apa'...
Package biblatex Info: ... file 'apa.bbx' found.

(/usr/share/texlive/texmf-dist/tex/latex/biblatex-apa/apa.bbx
File: apa.bbx 2020/08/28 v9.14 APA biblatex references style
Package biblatex Info: Trying to load bibliography style 'standard'...
Package biblatex Info: ... file 'standard.bbx' found.

(/usr/share/texlive/texmf-dist/tex/latex/biblatex/bbx/standard.bbx
File: standard.bbx 2020/12/31 v3.16 biblatex bibliography style (PK/MW)
\c@bbx:relatedcount=\count387
\c@bbx:relatedtotal=\count388
))
Package biblatex Info: Trying to load citation style 'apa'...
Package biblatex Info: ... file 'apa.cbx' found.

(/usr/share/texlive/texmf-dist/tex/latex/biblatex-apa/apa.cbx
File: apa.cbx 2020/08/28 v9.14 APA biblatex citation style
Package biblatex Info: Delimiter 'nameyeardelim' in context '' already defined,
 overwriting.
Package biblatex Info: Delimiter 'nameyeardelim' in context 'textcite' already 
defined, overwriting.
Package biblatex Info: Delimiter 'andothersdelim' in context '' already defined
, overwriting.
Package biblatex Info: Redefining '\fullcite'.
Package biblatex Info: Redefining '\citeauthor'.
Package biblatex Info: Redefining '\citeyear'.
Package biblatex Info: Redefining '\cite'.
Package biblatex Info: Redefining '\cites'.
Package biblatex Info: Redefining '\parencite'.
Package biblatex Info: Redefining '\parencites'.
Package biblatex Info: Redefining '\footcite'.
Package biblatex Info: Redefining '\footcites'.
Package biblatex Info: Redefining '\footcitetext'.
Package biblatex Info: Redefining '\footcitetexts'.
Package biblatex Info: Redefining '\smartcite'.
Package biblatex Info: Redefining '\smartcites'.
Package biblatex Info: Redefining '\textcite'.
Package biblatex Info: Redefining '\textcites'.
)
Package biblatex Info: Trying to load configuration file...
Package biblatex Info: ... file 'biblatex.cfg' found.

(/usr/share/texlive/texmf-dist/tex/latex/biblatex/biblatex.cfg
File: biblatex.cfg 
))
(/usr/share/texlive/texmf-dist/tex/latex/csquotes/csquotes.sty
Package: csquotes 2021-01-04 v5.2k context-sensitive quotations (JAW)
\csq@reset=\count389
\csq@gtype=\count390
\csq@glevel=\count391
\csq@qlevel=\count392
\csq@maxlvl=\count393
\csq@tshold=\count394
\csq@ltx@everypar=\toks17

(/usr/share/texlive/texmf-dist/tex/latex/csquotes/csquotes.def
File: csquotes.def 2021-01-04 v5.2k csquotes generic definitions (JAW)
)
Package csquotes Info: Trying to load configuration file 'csquotes.cfg'...
Package csquotes Info: ... configuration file loaded successfully.

(/usr/share/texlive/texmf-dist/tex/latex/csquotes/csquotes.cfg
File: csquotes.cfg 
))
(/usr/share/texlive/texmf-dist/tex/latex/caption/caption.sty
Package: caption 2020/10/26 v3.5g Customizing captions (AR)

(/usr/share/texlive/texmf-dist/tex/latex/caption/caption3.sty
Package: caption3 2020/10/21 v2.2e caption3 kernel (AR)
\captionmargin=\dimen140
\captionmargin@=\dimen141
\captionwidth=\dimen142
\caption@tempdima=\dimen143
\caption@indent=\dimen144
\caption@parindent=\dimen145
\caption@hangindent=\dimen146
Package caption Info: Standard document class detected.
)
\c@caption@flags=\count395
\c@continuedfloat=\count396
)
(/usr/share/texlive/texmf-dist/tex/latex/footmisc/footmisc.sty
Package: footmisc 2011/06/06 v5.5b a miscellany of footnote facilities
\FN@temptoken=\toks18
\footnotemargin=\dimen147
\c@pp@next@reset=\count397
Package footmisc Info: Declaring symbol style bringhurst on input line 855.
Package footmisc Info: Declaring symbol style chicago on input line 863.
Package footmisc Info: Declaring symbol style wiley on input line 872.
Package footmisc Info: Declaring symbol style lamport-robust on input line 883.

Package footmisc Info: Declaring symbol style lamport* on input line 903.
Package footmisc Info: Declaring symbol style lamport*-robust on input line 924
.
)
(/usr/share/texlive/texmf-dist/tex/generic/iftex/ifpdf.sty
Package: ifpdf 2019/10/25 v3.4 ifpdf legacy package. Use iftex instead.
)
(/usr/share/texlive/texmf-dist/tex/generic/iftex/ifxetex.sty
Package: ifxetex 2019/10/25 v0.7 ifxetex legacy package. Use iftex instead.
)
(/usr/share/texlive/texmf-dist/tex/generic/iftex/ifluatex.sty
Package: ifluatex 2019/10/25 v1.5 ifluatex legacy package. Use iftex instead.
)
(/usr/share/texlive/texmf-dist/tex/latex/geometry/geometry.sty
Package: geometry 2020/01/02 v5.9 Page Geometry

(/usr/share/texlive/texmf-dist/tex/generic/iftex/ifvtex.sty
Package: ifvtex 2019/10/25 v1.7 ifvtex legacy package. Use iftex instead.
)
\Gm@cnth=\count398
\Gm@cntv=\count399
\c@Gm@tempcnt=\count400
\Gm@bindingoffset=\dimen148
\Gm@wd@mp=\dimen149
\Gm@odd@mp=\dimen150
\Gm@even@mp=\dimen151
\Gm@layoutwidth=\dimen152
\Gm@layoutheight=\dimen153
\Gm@layouthoffset=\dimen154
\Gm@layoutvoffset=\dimen155
\Gm@dimlist=\toks19
)
(/usr/share/texlive/texmf-dist/tex/latex/graphics/graphicx.sty
Package: graphicx 2020/09/09 v1.2b Enhanced LaTeX Graphics (DPC,SPQR)

(/usr/share/texlive/texmf-dist/tex/latex/graphics/graphics.sty
Package: graphics 2020/08/30 v1.4c Standard LaTeX Graphics (DPC,SPQR)

(/usr/share/texlive/texmf-dist/tex/latex/graphics/trig.sty
Package: trig 2016/01/03 v1.10 sin cos tan (DPC)
)
(/usr/share/texlive/texmf-dist/tex/latex/graphics-cfg/graphics.cfg
File: graphics.cfg 2016/06/04 v1.11 sample graphics configuration
)
Package graphics Info: Driver file: xetex.def on input line 105.

(/usr/share/texlive/texmf-dist/tex/latex/graphics-def/xetex.def
File: xetex.def 2020/08/26 v5.0i Graphics/color driver for xetex
))
\Gin@req@height=\dimen156
\Gin@req@width=\dimen157
)
(/usr/share/texlive/texmf-dist/tex/latex/hyperref/hyperref.sty
Package: hyperref 2020-05-15 v7.00e Hypertext links for LaTeX

(/usr/share/texlive/texmf-dist/tex/generic/kvdefinekeys/kvdefinekeys.sty
Package: kvdefinekeys 2019-12-19 v1.6 Define keys (HO)
)
(/usr/share/texlive/texmf-dist/tex/generic/pdfescape/pdfescape.sty
Package: pdfescape 2019/12/09 v1.15 Implements pdfTeX's escape features (HO)
)
(/usr/share/texlive/texmf-dist/tex/latex/hycolor/hycolor.sty
Package: hycolor 2020-01-27 v1.10 Color options for hyperref/bookmark (HO)
)
(/usr/share/texlive/texmf-dist/tex/latex/letltxmacro/letltxmacro.sty
Package: letltxmacro 2019/12/03 v1.6 Let assignment for LaTeX macros (HO)
)
(/usr/share/texlive/texmf-dist/tex/latex/auxhook/auxhook.sty
Package: auxhook 2019-12-17 v1.6 Hooks for auxiliary files (HO)
)
\@linkdim=\dimen158
\Hy@linkcounter=\count401
\Hy@pagecounter=\count402

(/usr/share/texlive/texmf-dist/tex/latex/hyperref/pd1enc.def
File: pd1enc.def 2020-05-15 v7.00e Hyperref: PDFDocEncoding definition (HO)
)
(/usr/share/texlive/texmf-dist/tex/generic/intcalc/intcalc.sty
Package: intcalc 2019/12/15 v1.3 Expandable calculations with integers (HO)
)
(/usr/share/texlive/texmf-dist/tex/generic/etexcmds/etexcmds.sty
Package: etexcmds 2019/12/15 v1.7 Avoid name clashes with e-TeX commands (HO)
)
\Hy@SavedSpaceFactor=\count403
Package hyperref Info: Option `plainpages' set `false' on input line 4338.
Package hyperref Info: Option `breaklinks' set `true' on input line 4338.
Package hyperref Info: Hyper figures OFF on input line 4464.
Package hyperref Info: Link nesting OFF on input line 4469.
Package hyperref Info: Hyper index ON on input line 4472.
Package hyperref Info: Plain pages OFF on input line 4479.
Package hyperref Info: Backreferencing OFF on input line 4484.
Package hyperref Info: Implicit mode ON; LaTeX internals redefined.
Package hyperref Info: Bookmarks ON on input line 4717.
\c@Hy@tempcnt=\count404
LaTeX Info: Redefining \url on input line 5076.
\XeTeXLinkMargin=\dimen159

(/usr/share/texlive/texmf-dist/tex/generic/bitset/bitset.sty
Package: bitset 2019/12/09 v1.3 Handle bit-vector datatype (HO)

(/usr/share/texlive/texmf-dist/tex/generic/bigintcalc/bigintcalc.sty
Package: bigintcalc 2019/12/15 v1.5 Expandable calculations on big integers (HO
)
))
\Fld@menulength=\count405
\Field@Width=\dimen160
\Fld@charsize=\dimen161
Package hyperref Info: Hyper figures OFF on input line 6347.
Package hyperref Info: Link nesting OFF on input line 6352.
Package hyperref Info: Hyper index ON on input line 6355.
Package hyperref Info: backreferencing OFF on input line 6362.
Package hyperref Info: Link coloring OFF on input line 6367.
Package hyperref Info: Link coloring with OCG OFF on input line 6372.
Package hyperref Info: PDF/A mode OFF on input line 6377.
LaTeX Info: Redefining \ref on input line 6417.
LaTeX Info: Redefining \pageref on input line 6421.

(/usr/share/texlive/texmf-dist/tex/latex/base/atbegshi-ltx.sty
Package: atbegshi-ltx 2020/08/17 v1.0a Emulation of the original atbegshi packa
ge
with kernel methods
)
\Hy@abspage=\count406
\c@Item=\count407
\c@Hfootnote=\count408
)
Package hyperref Info: Driver: hxetex.

(/usr/share/texlive/texmf-dist/tex/latex/hyperref/hxetex.def
File: hxetex.def 2020-05-15 v7.00e Hyperref driver for XeTeX

(/usr/share/texlive/texmf-dist/tex/latex/hyperref/puenc.def
File: puenc.def 2020-05-15 v7.00e Hyperref: PDF Unicode definition (HO)
)
(/usr/share/texlive/texmf-dist/tex/generic/stringenc/stringenc.sty
Package: stringenc 2019/11/29 v1.12 Convert strings between diff. encodings (HO
)
)
\pdfm@box=\box47
\c@Hy@AnnotLevel=\count409
\HyField@AnnotCount=\count410
\Fld@listcount=\count411
\c@bookmark@seq@number=\count412

(/usr/share/texlive/texmf-dist/tex/latex/rerunfilecheck/rerunfilecheck.sty
Package: rerunfilecheck 2019/12/05 v1.9 Rerun checks for auxiliary files (HO)

(/usr/share/texlive/texmf-dist/tex/latex/base/atveryend-ltx.sty
Package: atveryend-ltx 2020/08/19 v1.0a Emulation of the original atvery packag
e
with kernel methods
)
(/usr/share/texlive/texmf-dist/tex/generic/uniquecounter/uniquecounter.sty
Package: uniquecounter 2019/12/15 v1.4 Provide unlimited unique counter (HO)
)
Package uniquecounter Info: New unique counter `rerunfilecheck' on input line 2
86.
)
\Hy@SectionHShift=\skip71
)
(/usr/share/texlive/texmf-dist/tex/latex/fontspec/fontspec.sty
(/usr/share/texlive/texmf-dist/tex/latex/l3packages/xparse/xparse.sty
(/usr/share/texlive/texmf-dist/tex/latex/l3kernel/expl3.sty
Package: expl3 2021-01-09 L3 programming layer (loader) 

(/usr/share/texlive/texmf-dist/tex/latex/l3backend/l3backend-xetex.def
File: l3backend-xetex.def 2020-01-29 L3 backend support: XeTeX

(|extractbb --version)
\c__kernel_sys_dvipdfmx_version_int=\count413
\l__color_backend_stack_int=\count414
\g__graphics_track_int=\count415
\l__pdf_internal_box=\box48
\g__pdf_backend_object_int=\count416
\g__pdf_backend_annotation_int=\count417
\g__pdf_backend_link_int=\count418
))
Package: xparse 2020-10-27 L3 Experimental document command parser

(/usr/share/texlive/texmf-dist/tex/latex/l3packages/xparse/xparse-generic.tex))
Package: fontspec 2020/02/21 v2.7i Font selection for XeLaTeX and LuaLaTeX
(/usr/share/texlive/texmf-dist/tex/latex/fontspec/fontspec-xetex.sty
Package: fontspec-xetex 2020/02/21 v2.7i Font selection for XeLaTeX and LuaLaTe
X
\l__fontspec_script_int=\count419
\l__fontspec_language_int=\count420
\l__fontspec_strnum_int=\count421
\l__fontspec_tmp_int=\count422
\l__fontspec_tmpa_int=\count423
\l__fontspec_tmpb_int=\count424
\l__fontspec_tmpc_int=\count425
\l__fontspec_em_int=\count426
\l__fontspec_emdef_int=\count427
\l__fontspec_strong_int=\count428
\l__fontspec_strongdef_int=\count429
\l__fontspec_tmpa_dim=\dimen162
\l__fontspec_tmpb_dim=\dimen163
\l__fontspec_tmpc_dim=\dimen164

(/usr/share/texlive/texmf-dist/tex/latex/base/fontenc.sty
Package: fontenc 2020/08/10 v2.0s Standard LaTeX package
)
(/usr/share/texlive/texmf-dist/tex/latex/fontspec/fontspec.cfg)))
(/usr/share/texlive/texmf-dist/tex/latex/unicode-math/unicode-math.sty
Package: unicode-math 2020/01/31 v0.8q Unicode maths in XeLaTeX and LuaLaTeX

(/usr/share/texlive/texmf-dist/tex/latex/unicode-math/unicode-math-xetex.sty
Package: unicode-math-xetex 2020/01/31 v0.8q Unicode maths in XeLaTeX and LuaLa
TeX

(/usr/share/texlive/texmf-dist/tex/latex/l3packages/l3keys2e/l3keys2e.sty
Package: l3keys2e 2020-10-27 LaTeX2e option processing using LaTeX3 keys
)
(/usr/share/texlive/texmf-dist/tex/latex/base/fix-cm.sty
Package: fix-cm 2015/01/14 v1.1t fixes to LaTeX

(/usr/share/texlive/texmf-dist/tex/latex/base/ts1enc.def
File: ts1enc.def 2001/06/05 v3.0e (jk/car/fm) Standard LaTeX file
LaTeX Font Info:    Redeclaring font encoding TS1 on input line 47.
))
(/usr/share/texlive/texmf-dist/tex/latex/amsmath/amsmath.sty
Package: amsmath 2020/09/23 v2.17i AMS math features
\@mathmargin=\skip72

For additional information on amsmath, use the `?' option.
(/usr/share/texlive/texmf-dist/tex/latex/amsmath/amstext.sty
Package: amstext 2000/06/29 v2.01 AMS text

(/usr/share/texlive/texmf-dist/tex/latex/amsmath/amsgen.sty
File: amsgen.sty 1999/11/30 v2.0 generic functions
\@emptytoks=\toks20
\ex@=\dimen165
))
(/usr/share/texlive/texmf-dist/tex/latex/amsmath/amsbsy.sty
Package: amsbsy 1999/11/29 v1.2d Bold Symbols
\pmbraise@=\dimen166
)
(/usr/share/texlive/texmf-dist/tex/latex/amsmath/amsopn.sty
Package: amsopn 2016/03/08 v2.02 operator names
)
\inf@bad=\count430
LaTeX Info: Redefining \frac on input line 234.
\uproot@=\count431
\leftroot@=\count432
LaTeX Info: Redefining \overline on input line 399.
\classnum@=\count433
\DOTSCASE@=\count434
LaTeX Info: Redefining \ldots on input line 496.
LaTeX Info: Redefining \dots on input line 499.
LaTeX Info: Redefining \cdots on input line 620.
\Mathstrutbox@=\box49
\strutbox@=\box50
\big@size=\dimen167
LaTeX Font Info:    Redeclaring font encoding OML on input line 743.
LaTeX Font Info:    Redeclaring font encoding OMS on input line 744.
\macc@depth=\count435
\c@MaxMatrixCols=\count436
\dotsspace@=\muskip21
\c@parentequation=\count437
\dspbrk@lvl=\count438
\tag@help=\toks21
\row@=\count439
\column@=\count440
\maxfields@=\count441
\andhelp@=\toks22
\eqnshift@=\dimen168
\alignsep@=\dimen169
\tagshift@=\dimen170
\tagwidth@=\dimen171
\totwidth@=\dimen172
\lineht@=\dimen173
\@envbody=\toks23
\multlinegap=\skip73
\multlinetaggap=\skip74
\mathdisplay@stack=\toks24
LaTeX Info: Redefining \[ on input line 2923.
LaTeX Info: Redefining \] on input line 2924.
)
\g__um_fam_int=\count442
\g__um_fonts_used_int=\count443
\l__um_primecount_int=\count444
\g__um_primekern_muskip=\muskip22

(/usr/share/texlive/texmf-dist/tex/latex/unicode-math/unicode-math-table.tex)))
(/usr/share/texlive/texmf-dist/tex/latex/realscripts/realscripts.sty
Package: realscripts 2016/02/13 v0.3d Access OpenType subscripts and superscrip
ts
\subsupersep=\dimen174
)
(/usr/share/texlive/texmf-dist/tex/latex/xcolor/xcolor.sty
Package: xcolor 2016/05/11 v2.12 LaTeX color extensions (UK)

(/usr/share/texlive/texmf-dist/tex/latex/graphics-cfg/color.cfg
File: color.cfg 2016/01/02 v1.6 sample color configuration
)
Package xcolor Info: Driver file: xetex.def on input line 225.
Package xcolor Info: Model `cmy' substituted by `cmy0' on input line 1348.
Package xcolor Info: Model `RGB' extended on input line 1364.
Package xcolor Info: Model `HTML' substituted by `rgb' on input line 1366.
Package xcolor Info: Model `Hsb' substituted by `hsb' on input line 1367.
Package xcolor Info: Model `tHsb' substituted by `hsb' on input line 1368.
Package xcolor Info: Model `HSB' substituted by `hsb' on input line 1369.
Package xcolor Info: Model `Gray' substituted by `gray' on input line 1370.
Package xcolor Info: Model `wave' substituted by `hsb' on input line 1371.

(/usr/share/texlive/texmf-dist/tex/latex/graphics/dvipsnam.def
File: dvipsnam.def 2016/06/17 v3.0m Driver-dependent file (DPC,SPQR)
))
(/usr/share/texlive/texmf-dist/tex/latex/pgf/frontendlayer/tikz.sty
(/usr/share/texlive/texmf-dist/tex/latex/pgf/basiclayer/pgf.sty
(/usr/share/texlive/texmf-dist/tex/latex/pgf/utilities/pgfrcs.sty
(/usr/share/texlive/texmf-dist/tex/generic/pgf/utilities/pgfutil-common.tex
\pgfutil@everybye=\toks25
\pgfutil@tempdima=\dimen175
\pgfutil@tempdimb=\dimen176

(/usr/share/texlive/texmf-dist/tex/generic/pgf/utilities/pgfutil-common-lists.t
ex)) (/usr/share/texlive/texmf-dist/tex/generic/pgf/utilities/pgfutil-latex.def
\pgfutil@abb=\box51
) (/usr/share/texlive/texmf-dist/tex/generic/pgf/utilities/pgfrcs.code.tex
(/usr/share/texlive/texmf-dist/tex/generic/pgf/pgf.revision.tex)
Package: pgfrcs 2020/12/27 v3.1.8b (3.1.8b)
))
Package: pgf 2020/12/27 v3.1.8b (3.1.8b)

(/usr/share/texlive/texmf-dist/tex/latex/pgf/basiclayer/pgfcore.sty
(/usr/share/texlive/texmf-dist/tex/latex/pgf/systemlayer/pgfsys.sty
(/usr/share/texlive/texmf-dist/tex/generic/pgf/systemlayer/pgfsys.code.tex
Package: pgfsys 2020/12/27 v3.1.8b (3.1.8b)

(/usr/share/texlive/texmf-dist/tex/generic/pgf/utilities/pgfkeys.code.tex
\pgfkeys@pathtoks=\toks26
\pgfkeys@temptoks=\toks27

(/usr/share/texlive/texmf-dist/tex/generic/pgf/utilities/pgfkeysfiltered.code.t
ex
\pgfkeys@tmptoks=\toks28
))
\pgf@x=\dimen177
\pgf@y=\dimen178
\pgf@xa=\dimen179
\pgf@ya=\dimen180
\pgf@xb=\dimen181
\pgf@yb=\dimen182
\pgf@xc=\dimen183
\pgf@yc=\dimen184
\pgf@xd=\dimen185
\pgf@yd=\dimen186
\w@pgf@writea=\write4
\r@pgf@reada=\read4
\c@pgf@counta=\count445
\c@pgf@countb=\count446
\c@pgf@countc=\count447
\c@pgf@countd=\count448
\t@pgf@toka=\toks29
\t@pgf@tokb=\toks30
\t@pgf@tokc=\toks31
\pgf@sys@id@count=\count449
 (/usr/share/texlive/texmf-dist/tex/generic/pgf/systemlayer/pgf.cfg
File: pgf.cfg 2020/12/27 v3.1.8b (3.1.8b)
)
Driver file for pgf: pgfsys-xetex.def

(/usr/share/texlive/texmf-dist/tex/generic/pgf/systemlayer/pgfsys-xetex.def
File: pgfsys-xetex.def 2020/12/27 v3.1.8b (3.1.8b)

(/usr/share/texlive/texmf-dist/tex/generic/pgf/systemlayer/pgfsys-dvipdfmx.def
File: pgfsys-dvipdfmx.def 2020/12/27 v3.1.8b (3.1.8b)

(/usr/share/texlive/texmf-dist/tex/generic/pgf/systemlayer/pgfsys-common-pdf.de
f
File: pgfsys-common-pdf.def 2020/12/27 v3.1.8b (3.1.8b)
)
\pgfsys@objnum=\count450
)))
(/usr/share/texlive/texmf-dist/tex/generic/pgf/systemlayer/pgfsyssoftpath.code.
tex
File: pgfsyssoftpath.code.tex 2020/12/27 v3.1.8b (3.1.8b)
\pgfsyssoftpath@smallbuffer@items=\count451
\pgfsyssoftpath@bigbuffer@items=\count452
)
(/usr/share/texlive/texmf-dist/tex/generic/pgf/systemlayer/pgfsysprotocol.code.
tex
File: pgfsysprotocol.code.tex 2020/12/27 v3.1.8b (3.1.8b)
))
(/usr/share/texlive/texmf-dist/tex/generic/pgf/basiclayer/pgfcore.code.tex
Package: pgfcore 2020/12/27 v3.1.8b (3.1.8b)

(/usr/share/texlive/texmf-dist/tex/generic/pgf/math/pgfmath.code.tex
(/usr/share/texlive/texmf-dist/tex/generic/pgf/math/pgfmathcalc.code.tex
(/usr/share/texlive/texmf-dist/tex/generic/pgf/math/pgfmathutil.code.tex)
(/usr/share/texlive/texmf-dist/tex/generic/pgf/math/pgfmathparser.code.tex
\pgfmath@dimen=\dimen187
\pgfmath@count=\count453
\pgfmath@box=\box52
\pgfmath@toks=\toks32
\pgfmath@stack@operand=\toks33
\pgfmath@stack@operation=\toks34
)
(/usr/share/texlive/texmf-dist/tex/generic/pgf/math/pgfmathfunctions.code.tex
(/usr/share/texlive/texmf-dist/tex/generic/pgf/math/pgfmathfunctions.basic.code
.tex)
(/usr/share/texlive/texmf-dist/tex/generic/pgf/math/pgfmathfunctions.trigonomet
ric.code.tex)
(/usr/share/texlive/texmf-dist/tex/generic/pgf/math/pgfmathfunctions.random.cod
e.tex)
(/usr/share/texlive/texmf-dist/tex/generic/pgf/math/pgfmathfunctions.comparison
.code.tex)
(/usr/share/texlive/texmf-dist/tex/generic/pgf/math/pgfmathfunctions.base.code.
tex)
(/usr/share/texlive/texmf-dist/tex/generic/pgf/math/pgfmathfunctions.round.code
.tex)
(/usr/share/texlive/texmf-dist/tex/generic/pgf/math/pgfmathfunctions.misc.code.
tex)
(/usr/share/texlive/texmf-dist/tex/generic/pgf/math/pgfmathfunctions.integerari
thmetics.code.tex)))
(/usr/share/texlive/texmf-dist/tex/generic/pgf/math/pgfmathfloat.code.tex
\c@pgfmathroundto@lastzeros=\count454
))
(/usr/share/texlive/texmf-dist/tex/generic/pgf/math/pgfint.code.tex)
(/usr/share/texlive/texmf-dist/tex/generic/pgf/basiclayer/pgfcorepoints.code.te
x
File: pgfcorepoints.code.tex 2020/12/27 v3.1.8b (3.1.8b)
\pgf@picminx=\dimen188
\pgf@picmaxx=\dimen189
\pgf@picminy=\dimen190
\pgf@picmaxy=\dimen191
\pgf@pathminx=\dimen192
\pgf@pathmaxx=\dimen193
\pgf@pathminy=\dimen194
\pgf@pathmaxy=\dimen195
\pgf@xx=\dimen196
\pgf@xy=\dimen197
\pgf@yx=\dimen198
\pgf@yy=\dimen199
\pgf@zx=\dimen256
\pgf@zy=\dimen257
)
(/usr/share/texlive/texmf-dist/tex/generic/pgf/basiclayer/pgfcorepathconstruct.
code.tex
File: pgfcorepathconstruct.code.tex 2020/12/27 v3.1.8b (3.1.8b)
\pgf@path@lastx=\dimen258
\pgf@path@lasty=\dimen259
)
(/usr/share/texlive/texmf-dist/tex/generic/pgf/basiclayer/pgfcorepathusage.code
.tex
File: pgfcorepathusage.code.tex 2020/12/27 v3.1.8b (3.1.8b)
\pgf@shorten@end@additional=\dimen260
\pgf@shorten@start@additional=\dimen261
)
(/usr/share/texlive/texmf-dist/tex/generic/pgf/basiclayer/pgfcorescopes.code.te
x
File: pgfcorescopes.code.tex 2020/12/27 v3.1.8b (3.1.8b)
\pgfpic=\box53
\pgf@hbox=\box54
\pgf@layerbox@main=\box55
\pgf@picture@serial@count=\count455
)
(/usr/share/texlive/texmf-dist/tex/generic/pgf/basiclayer/pgfcoregraphicstate.c
ode.tex
File: pgfcoregraphicstate.code.tex 2020/12/27 v3.1.8b (3.1.8b)
\pgflinewidth=\dimen262
)
(/usr/share/texlive/texmf-dist/tex/generic/pgf/basiclayer/pgfcoretransformation
s.code.tex
File: pgfcoretransformations.code.tex 2020/12/27 v3.1.8b (3.1.8b)
\pgf@pt@x=\dimen263
\pgf@pt@y=\dimen264
\pgf@pt@temp=\dimen265
)
(/usr/share/texlive/texmf-dist/tex/generic/pgf/basiclayer/pgfcorequick.code.tex
File: pgfcorequick.code.tex 2020/12/27 v3.1.8b (3.1.8b)
)
(/usr/share/texlive/texmf-dist/tex/generic/pgf/basiclayer/pgfcoreobjects.code.t
ex
File: pgfcoreobjects.code.tex 2020/12/27 v3.1.8b (3.1.8b)
)
(/usr/share/texlive/texmf-dist/tex/generic/pgf/basiclayer/pgfcorepathprocessing
.code.tex
File: pgfcorepathprocessing.code.tex 2020/12/27 v3.1.8b (3.1.8b)
)
(/usr/share/texlive/texmf-dist/tex/generic/pgf/basiclayer/pgfcorearrows.code.te
x
File: pgfcorearrows.code.tex 2020/12/27 v3.1.8b (3.1.8b)
\pgfarrowsep=\dimen266
)
(/usr/share/texlive/texmf-dist/tex/generic/pgf/basiclayer/pgfcoreshade.code.tex
File: pgfcoreshade.code.tex 2020/12/27 v3.1.8b (3.1.8b)
\pgf@max=\dimen267
\pgf@sys@shading@range@num=\count456
\pgf@shadingcount=\count457
)
(/usr/share/texlive/texmf-dist/tex/generic/pgf/basiclayer/pgfcoreimage.code.tex
File: pgfcoreimage.code.tex 2020/12/27 v3.1.8b (3.1.8b)

(/usr/share/texlive/texmf-dist/tex/generic/pgf/basiclayer/pgfcoreexternal.code.
tex
File: pgfcoreexternal.code.tex 2020/12/27 v3.1.8b (3.1.8b)
\pgfexternal@startupbox=\box56
))
(/usr/share/texlive/texmf-dist/tex/generic/pgf/basiclayer/pgfcorelayers.code.te
x
File: pgfcorelayers.code.tex 2020/12/27 v3.1.8b (3.1.8b)
)
(/usr/share/texlive/texmf-dist/tex/generic/pgf/basiclayer/pgfcoretransparency.c
ode.tex
File: pgfcoretransparency.code.tex 2020/12/27 v3.1.8b (3.1.8b)
)
(/usr/share/texlive/texmf-dist/tex/generic/pgf/basiclayer/pgfcorepatterns.code.
tex
File: pgfcorepatterns.code.tex 2020/12/27 v3.1.8b (3.1.8b)
)
(/usr/share/texlive/texmf-dist/tex/generic/pgf/basiclayer/pgfcorerdf.code.tex
File: pgfcorerdf.code.tex 2020/12/27 v3.1.8b (3.1.8b)
)))
(/usr/share/texlive/texmf-dist/tex/generic/pgf/modules/pgfmoduleshapes.code.tex
File: pgfmoduleshapes.code.tex 2020/12/27 v3.1.8b (3.1.8b)
\pgfnodeparttextbox=\box57
) (/usr/share/texlive/texmf-dist/tex/generic/pgf/modules/pgfmoduleplot.code.tex
File: pgfmoduleplot.code.tex 2020/12/27 v3.1.8b (3.1.8b)
)
(/usr/share/texlive/texmf-dist/tex/latex/pgf/compatibility/pgfcomp-version-0-65
.sty
Package: pgfcomp-version-0-65 2020/12/27 v3.1.8b (3.1.8b)
\pgf@nodesepstart=\dimen268
\pgf@nodesepend=\dimen269
)
(/usr/share/texlive/texmf-dist/tex/latex/pgf/compatibility/pgfcomp-version-1-18
.sty
Package: pgfcomp-version-1-18 2020/12/27 v3.1.8b (3.1.8b)
)) (/usr/share/texlive/texmf-dist/tex/latex/pgf/utilities/pgffor.sty
(/usr/share/texlive/texmf-dist/tex/latex/pgf/utilities/pgfkeys.sty
(/usr/share/texlive/texmf-dist/tex/generic/pgf/utilities/pgfkeys.code.tex))
(/usr/share/texlive/texmf-dist/tex/latex/pgf/math/pgfmath.sty
(/usr/share/texlive/texmf-dist/tex/generic/pgf/math/pgfmath.code.tex))
(/usr/share/texlive/texmf-dist/tex/generic/pgf/utilities/pgffor.code.tex
Package: pgffor 2020/12/27 v3.1.8b (3.1.8b)

(/usr/share/texlive/texmf-dist/tex/generic/pgf/math/pgfmath.code.tex)
\pgffor@iter=\dimen270
\pgffor@skip=\dimen271
\pgffor@stack=\toks35
\pgffor@toks=\toks36
))
(/usr/share/texlive/texmf-dist/tex/generic/pgf/frontendlayer/tikz/tikz.code.tex
Package: tikz 2020/12/27 v3.1.8b (3.1.8b)

(/usr/share/texlive/texmf-dist/tex/generic/pgf/libraries/pgflibraryplothandlers
.code.tex
File: pgflibraryplothandlers.code.tex 2020/12/27 v3.1.8b (3.1.8b)
\pgf@plot@mark@count=\count458
\pgfplotmarksize=\dimen272
)
\tikz@lastx=\dimen273
\tikz@lasty=\dimen274
\tikz@lastxsaved=\dimen275
\tikz@lastysaved=\dimen276
\tikz@lastmovetox=\dimen277
\tikz@lastmovetoy=\dimen278
\tikzleveldistance=\dimen279
\tikzsiblingdistance=\dimen280
\tikz@figbox=\box58
\tikz@figbox@bg=\box59
\tikz@tempbox=\box60
\tikz@tempbox@bg=\box61
\tikztreelevel=\count459
\tikznumberofchildren=\count460
\tikznumberofcurrentchild=\count461
\tikz@fig@count=\count462

(/usr/share/texlive/texmf-dist/tex/generic/pgf/modules/pgfmodulematrix.code.tex
File: pgfmodulematrix.code.tex 2020/12/27 v3.1.8b (3.1.8b)
\pgfmatrixcurrentrow=\count463
\pgfmatrixcurrentcolumn=\count464
\pgf@matrix@numberofcolumns=\count465
)
\tikz@expandcount=\count466

(/usr/share/texlive/texmf-dist/tex/generic/pgf/frontendlayer/tikz/libraries/tik
zlibrarytopaths.code.tex
File: tikzlibrarytopaths.code.tex 2020/12/27 v3.1.8b (3.1.8b)
)))
(/usr/share/texlive/texmf-dist/tex/generic/pgf/frontendlayer/tikz/libraries/tik
zlibrarybackgrounds.code.tex
File: tikzlibrarybackgrounds.code.tex 2020/12/27 v3.1.8b (3.1.8b)
\pgf@layerbox@background=\box62
\pgf@layerboxsaved@background=\box63
)
(/usr/share/texlive/texmf-dist/tex/generic/pgf/frontendlayer/tikz/libraries/tik
zlibrarypositioning.code.tex
File: tikzlibrarypositioning.code.tex 2020/12/27 v3.1.8b (3.1.8b)
)
(/usr/share/texlive/texmf-dist/tex/latex/standalone/standalone.sty
Package: standalone 2018/03/26 v1.3a Package to include TeX sub-files with prea
mbles

(/usr/share/texlive/texmf-dist/tex/latex/tools/shellesc.sty
Package: shellesc 2019/11/08 v1.0c unified shell escape interface for LaTeX
Package shellesc Info: Unrestricted shell escape enabled on input line 75.
)
(/usr/share/texlive/texmf-dist/tex/latex/currfile/currfile.sty
Package: currfile 2020/09/29 v0.7d Provides the file path elements of the curre
nt input file

(/usr/share/texlive/texmf-dist/tex/latex/filehook/filehook.sty
Package: filehook 2020/09/29 v0.8a Hooks for input files

(/usr/share/texlive/texmf-dist/tex/latex/filehook/filehook-2020.sty
Package: filehook-2020 2020/09/29 v0.8a Hooks for input files
))
\c@currfiledepth=\count467
)
(/usr/share/texlive/texmf-dist/tex/latex/gincltex/gincltex.sty
(/usr/share/texlive/texmf-dist/tex/latex/svn-prov/svn-prov.sty
Package: svn-prov 2010/04/24 v3.1862 Package Date/Version from SVN Keywords
)
Package: gincltex 2011/09/04 v0.3 Include external LaTeX files like graphics

(/usr/share/texlive/texmf-dist/tex/latex/adjustbox/adjustbox.sty
Package: adjustbox 2020/08/19 v1.3 Adjusting TeX boxes (trim, clip, ...)

(/usr/share/texlive/texmf-dist/tex/latex/adjustbox/adjcalc.sty
Package: adjcalc 2012/05/16 v1.1 Provides advanced setlength with multiple back
-ends (calc, etex, pgfmath)
)
(/usr/share/texlive/texmf-dist/tex/latex/adjustbox/trimclip.sty
Package: trimclip 2020/08/19 v1.2 Trim and clip general TeX material

(/usr/share/texlive/texmf-dist/tex/latex/collectbox/collectbox.sty
Package: collectbox 2012/05/17 v0.4b Collect macro arguments as boxes
\collectedbox=\box64
)
\tc@llx=\dimen281
\tc@lly=\dimen282
\tc@urx=\dimen283
\tc@ury=\dimen284
Package trimclip Info: Using driver 'tc-xetex.def'.

(/usr/share/texlive/texmf-dist/tex/latex/adjustbox/tc-xetex.def
File: tc-xetex.def 2019/01/04 v2.2 Clipping driver for xetex
))
\adjbox@Width=\dimen285
\adjbox@Height=\dimen286
\adjbox@Depth=\dimen287
\adjbox@Totalheight=\dimen288
\adjbox@pwidth=\dimen289
\adjbox@pheight=\dimen290
\adjbox@pdepth=\dimen291
\adjbox@ptotalheight=\dimen292

(/usr/share/texlive/texmf-dist/tex/latex/ifoddpage/ifoddpage.sty
Package: ifoddpage 2016/04/23 v1.1 Conditionals for odd/even page detection
\c@checkoddpage=\count468
)
(/usr/share/texlive/texmf-dist/tex/latex/varwidth/varwidth.sty
Package: varwidth 2009/03/30 ver 0.92;  Variable-width minipages
\@vwid@box=\box65
\sift@deathcycles=\count469
\@vwid@loff=\dimen293
\@vwid@roff=\dimen294
))
\gincltex@box=\box66
))
(/usr/share/texlive/texmf-dist/tex/latex/wrapfig/wrapfig.sty
\wrapoverhang=\dimen295
\WF@size=\dimen296
\c@WF@wrappedlines=\count470
\WF@box=\box67
\WF@everypar=\toks37
Package: wrapfig 2003/01/31  v 3.6
)
(/usr/share/texlive/texmf-dist/tex/latex/appendix/appendix.sty
Package: appendix 2020/02/08 v1.2c extra appendix facilities
\c@@pps=\count471
\c@@ppsavesec=\count472
\c@@ppsaveapp=\count473
)
(/usr/share/texlive/texmf-dist/tex/latex/booktabs/booktabs.sty
Package: booktabs 2020/01/12 v1.61803398 Publication quality tables
\heavyrulewidth=\dimen297
\lightrulewidth=\dimen298
\cmidrulewidth=\dimen299
\belowrulesep=\dimen300
\belowbottomsep=\dimen301
\aboverulesep=\dimen302
\abovetopsep=\dimen303
\cmidrulesep=\dimen304
\cmidrulekern=\dimen305
\defaultaddspace=\dimen306
\@cmidla=\count474
\@cmidlb=\count475
\@aboverulesep=\dimen307
\@belowrulesep=\dimen308
\@thisruleclass=\count476
\@lastruleclass=\count477
\@thisrulewidth=\dimen309
)
(/usr/share/texlive/texmf-dist/tex/latex/enumitem/enumitem.sty
Package: enumitem 2019/06/20 v3.9 Customized lists
\enitkv@toks@=\toks38
\labelindent=\skip75
\enit@outerparindent=\dimen310
\enit@toks=\toks39
\enit@inbox=\box68
\enit@count@id=\count478
\enitdp@description=\count479
)
(/usr/share/texlive/texmf-dist/tex/latex/fancyhdr/fancyhdr.sty
Package: fancyhdr 2021/01/04 v4.0 Extensive control of page headers and footers

\f@nch@headwidth=\skip76
\f@nch@O@elh=\skip77
\f@nch@O@erh=\skip78
\f@nch@O@olh=\skip79
\f@nch@O@orh=\skip80
\f@nch@O@elf=\skip81
\f@nch@O@erf=\skip82
\f@nch@O@olf=\skip83
\f@nch@O@orf=\skip84
)
(/usr/share/texlive/texmf-dist/tex/latex/base/makeidx.sty
Package: makeidx 2014/09/29 v1.0m Standard LaTeX package
)
(/usr/share/texlive/texmf-dist/tex/latex/makecell/makecell.sty
Package: makecell 2009/08/03 V0.1e Managing of Tab Column Heads and Cells

(/usr/share/texlive/texmf-dist/tex/latex/tools/array.sty
Package: array 2020/10/01 v2.5c Tabular extension package (FMi)
\col@sep=\dimen311
\ar@mcellbox=\box69
\extrarowheight=\dimen312
\NC@list=\toks40
\extratabsurround=\skip85
\backup@length=\skip86
\ar@cellbox=\box70
)
\rotheadsize=\dimen313
\c@nlinenum=\count480
\TeXr@lab=\toks41
)
(/usr/share/texlive/texmf-dist/tex/latex/pdfpages/pdfpages.sty
Package: pdfpages 2021/01/09 v0.5r Insert pages of external PDF documents (AM)

(/usr/share/texlive/texmf-dist/tex/latex/tools/calc.sty
Package: calc 2017/05/25 v4.3 Infix arithmetic (KKT,FJ)
\calc@Acount=\count481
\calc@Bcount=\count482
\calc@Adimen=\dimen314
\calc@Bdimen=\dimen315
\calc@Askip=\skip87
\calc@Bskip=\skip88
LaTeX Info: Redefining \setlength on input line 80.
LaTeX Info: Redefining \addtolength on input line 81.
\calc@Ccount=\count483
\calc@Cskip=\skip89
)
(/usr/share/texlive/texmf-dist/tex/latex/eso-pic/eso-pic.sty
Package: eso-pic 2020/10/14 v3.0a eso-pic (RN)
\ESO@tempdima=\dimen316
\ESO@tempdimb=\dimen317
)
\AM@pagewidth=\dimen318
\AM@pageheight=\dimen319

(/usr/share/texlive/texmf-dist/tex/latex/pdfpages/ppxetex.def
File: ppxetex.def 2021/01/09 v0.5r Pdfpages driver for XeTeX (AM)
)
\pdfpages@includegraphics@status=\count484
\AM@pagebox=\box71
\AM@global@opts=\toks42
\AM@pagecnt=\count485
\AM@toc@title=\toks43
\c@AM@survey=\count486
\AM@templatesizebox=\box72
)
(/usr/share/texlive/texmf-dist/tex/latex/graphics/rotating.sty
Package: rotating 2016/08/11 v2.16d rotated objects in LaTeX
\c@r@tfl@t=\count487
\rotFPtop=\skip90
\rotFPbot=\skip91
\rot@float@box=\box73
\rot@mess@toks=\toks44
)
(/usr/share/texlive/texmf-dist/tex/latex/tools/tabularx.sty
Package: tabularx 2020/01/15 v2.11c `tabularx' package (DPC)
\TX@col@width=\dimen320
\TX@old@table=\dimen321
\TX@old@col=\dimen322
\TX@target=\dimen323
\TX@delta=\dimen324
\TX@cols=\count488
\TX@ftn=\toks45
)
(/usr/share/texlive/texmf-dist/tex/latex/tcolorbox/tcolorbox.sty
Package: tcolorbox 2020/10/09 version 4.42 text color boxes

(/usr/share/texlive/texmf-dist/tex/latex/tools/verbatim.sty
Package: verbatim 2020-07-07 v1.5u LaTeX2e package for verbatim enhancements
\every@verbatim=\toks46
\verbatim@line=\toks47
\verbatim@in@stream=\read5
)
(/usr/share/texlive/texmf-dist/tex/latex/environ/environ.sty
Package: environ 2014/05/04 v0.3 A new way to define environments

(/usr/share/texlive/texmf-dist/tex/latex/trimspaces/trimspaces.sty
Package: trimspaces 2009/09/17 v1.1 Trim spaces around a token list
))
\tcb@titlebox=\box74
\tcb@upperbox=\box75
\tcb@lowerbox=\box76
\tcb@phantombox=\box77
\c@tcbbreakpart=\count489
\c@tcblayer=\count490
\c@tcolorbox@number=\count491
\tcb@temp=\box78
\tcb@temp=\box79
\tcb@temp=\box80
\tcb@temp=\box81
\tcb@out=\write5
\tcb@record@out=\write6
)
(/usr/share/texlive/texmf-dist/tex/latex/titlesec/titlesec.sty
Package: titlesec 2019/10/16 v2.13 Sectioning titles
\ttl@box=\box82
\beforetitleunit=\skip92
\aftertitleunit=\skip93
\ttl@plus=\dimen325
\ttl@minus=\dimen326
\ttl@toksa=\toks48
\titlewidth=\dimen327
\titlewidthlast=\dimen328
\titlewidthfirst=\dimen329
)
(/usr/share/texlive/texmf-dist/tex/latex/titlesec/titletoc.sty
Package: titletoc 2019/10/16 v2.13 TOC entries
\ttl@leftsep=\dimen330
)
(/usr/share/texlive/texmf-dist/tex/latex/tocbibind/tocbibind.sty
Package: tocbibind 2010/10/13 v1.5k extra ToC listings
Package tocbibind Info: The document has chapter divisions on input line 50.


Package tocbibind Note: Using chapter style headings, unless overridden.

) (/usr/share/texlive/texmf-dist/tex/latex/eurosym/eurosym.sty
Package: eurosym 1998/08/06 v1.1 European currency symbol ``Euro''
\@eurobox=\box83
)
(/usr/share/texlive/texmf-dist/tex/latex/microtype/microtype.sty
Package: microtype 2020/12/07 v2.8 Micro-typographical refinements (RS)
\MT@toks=\toks49
\MT@count=\count492
LaTeX Info: Redefining \textls on input line 788.
\MT@outer@kern=\dimen331
LaTeX Info: Redefining \textmicrotypecontext on input line 1358.
\MT@listname@count=\count493

(/usr/share/texlive/texmf-dist/tex/latex/microtype/microtype-xetex.def
File: microtype-xetex.def 2020/12/07 v2.8 Definitions specific to xetex (RS)
LaTeX Info: Redefining \lsstyle on input line 254.
)
Package microtype Info: Loading configuration file microtype.cfg.

(/usr/share/texlive/texmf-dist/tex/latex/microtype/microtype.cfg
File: microtype.cfg 2020/12/07 v2.8 microtype main configuration file (RS)
))
(/usr/share/texlive/texmf-dist/tex/latex/base/textcomp.sty
Package: textcomp 2020/02/02 v2.0n Standard LaTeX package
)
(/usr/share/texlive/texmf-dist/tex/latex/tools/xspace.sty
Package: xspace 2014/10/28 v1.13 Space after command names (DPC,MH)
)

Package fontspec Info: Font family 'Montserrat(0)' created for font
(fontspec)             'Montserrat' with options
(fontspec)             [Ligatures=TeX,BoldFont={Montserrat Black}].
(fontspec)              
(fontspec)              This font family consists of the following NFSS
(fontspec)             series/shapes:
(fontspec)              
(fontspec)             - 'normal' (m/n) with NFSS spec.:
(fontspec)             <->"Montserrat/OT:script=latn;language=dflt;mapping=tex-
text;"
(fontspec)             - 'small caps'  (m/sc) with NFSS spec.:
(fontspec)             <->"Montserrat/OT:script=latn;language=dflt;+smcp;mappin
g=tex-text;"
(fontspec)             - 'bold' (b/n) with NFSS spec.: <->"Montserrat
(fontspec)             Black/OT:script=latn;language=dflt;mapping=tex-text;"
(fontspec)             - 'bold small caps'  (b/sc) with NFSS spec.:
(fontspec)             <->"Montserrat
(fontspec)             Black/OT:script=latn;language=dflt;+smcp;mapping=tex-tex
t;"
(fontspec)             - 'italic' (m/it) with NFSS spec.:
(fontspec)             <->"Montserrat/I/OT:script=latn;language=dflt;mapping=te
x-text;"
(fontspec)             - 'italic small caps'  (m/scit) with NFSS spec.:
(fontspec)             <->"Montserrat/I/OT:script=latn;language=dflt;+smcp;mapp
ing=tex-text;"
(fontspec)             - 'bold italic' (b/it) with NFSS spec.: <->"Montserrat
(fontspec)             Black/I/OT:script=latn;language=dflt;mapping=tex-text;"
(fontspec)             - 'bold italic small caps'  (b/scit) with NFSS spec.:
(fontspec)             <->"Montserrat
(fontspec)             Black/I/OT:script=latn;language=dflt;+smcp;mapping=tex-t
ext;"


Package fontspec Info: Font family 'Montserrat(1)' created for font
(fontspec)             'Montserrat' with options
(fontspec)             [Ligatures=TeX,BoldFont={Montserrat ExtraBold}].
(fontspec)              
(fontspec)              This font family consists of the following NFSS
(fontspec)             series/shapes:
(fontspec)              
(fontspec)             - 'normal' (m/n) with NFSS spec.:
(fontspec)             <->"Montserrat/OT:script=latn;language=dflt;mapping=tex-
text;"
(fontspec)             - 'small caps'  (m/sc) with NFSS spec.:
(fontspec)             <->"Montserrat/OT:script=latn;language=dflt;+smcp;mappin
g=tex-text;"
(fontspec)             - 'bold' (b/n) with NFSS spec.: <->"Montserrat
(fontspec)             ExtraBold/OT:script=latn;language=dflt;mapping=tex-text;
"
(fontspec)             - 'bold small caps'  (b/sc) with NFSS spec.:
(fontspec)             <->"Montserrat
(fontspec)             ExtraBold/OT:script=latn;language=dflt;+smcp;mapping=tex
-text;"
(fontspec)             - 'italic' (m/it) with NFSS spec.:
(fontspec)             <->"Montserrat/I/OT:script=latn;language=dflt;mapping=te
x-text;"
(fontspec)             - 'italic small caps'  (m/scit) with NFSS spec.:
(fontspec)             <->"Montserrat/I/OT:script=latn;language=dflt;+smcp;mapp
ing=tex-text;"
(fontspec)             - 'bold italic' (b/it) with NFSS spec.: <->"Montserrat
(fontspec)             ExtraBold/I/OT:script=latn;language=dflt;mapping=tex-tex
t;"
(fontspec)             - 'bold italic small caps'  (b/scit) with NFSS spec.:
(fontspec)             <->"Montserrat
(fontspec)             ExtraBold/I/OT:script=latn;language=dflt;+smcp;mapping=t
ex-text;"


Package fontspec Info: Font family 'Montserrat(2)' created for font
(fontspec)             'Montserrat' with options
(fontspec)             [Ligatures=TeX,Ligatures=TeX].
(fontspec)              
(fontspec)              This font family consists of the following NFSS
(fontspec)             series/shapes:
(fontspec)              
(fontspec)             - 'normal' (m/n) with NFSS spec.:
(fontspec)             <->"Montserrat/OT:script=latn;language=dflt;mapping=tex-
text;"
(fontspec)             - 'small caps'  (m/sc) with NFSS spec.:
(fontspec)             <->"Montserrat/OT:script=latn;language=dflt;+smcp;mappin
g=tex-text;"
(fontspec)             - 'bold' (b/n) with NFSS spec.:
(fontspec)             <->"Montserrat/B/OT:script=latn;language=dflt;mapping=te
x-text;"
(fontspec)             - 'bold small caps'  (b/sc) with NFSS spec.:
(fontspec)             <->"Montserrat/B/OT:script=latn;language=dflt;+smcp;mapp
ing=tex-text;"
(fontspec)             - 'italic' (m/it) with NFSS spec.:
(fontspec)             <->"Montserrat/I/OT:script=latn;language=dflt;mapping=te
x-text;"
(fontspec)             - 'italic small caps'  (m/scit) with NFSS spec.:
(fontspec)             <->"Montserrat/I/OT:script=latn;language=dflt;+smcp;mapp
ing=tex-text;"
(fontspec)             - 'bold italic' (b/it) with NFSS spec.:
(fontspec)             <->"Montserrat/BI/OT:script=latn;language=dflt;mapping=t
ex-text;"
(fontspec)             - 'bold italic small caps'  (b/scit) with NFSS spec.:
(fontspec)             <->"Montserrat/BI/OT:script=latn;language=dflt;+smcp;map
ping=tex-text;"


Package fontspec Info: Font family 'Montserrat(3)' created for font
(fontspec)             'Montserrat' with options [Ligatures=TeX].
(fontspec)              
(fontspec)              This font family consists of the following NFSS
(fontspec)             series/shapes:
(fontspec)              
(fontspec)             - 'normal' (m/n) with NFSS spec.:
(fontspec)             <->"Montserrat/OT:script=latn;language=dflt;mapping=tex-
text;"
(fontspec)             - 'small caps'  (m/sc) with NFSS spec.:
(fontspec)             <->"Montserrat/OT:script=latn;language=dflt;+smcp;mappin
g=tex-text;"
(fontspec)             - 'bold' (b/n) with NFSS spec.:
(fontspec)             <->"Montserrat/B/OT:script=latn;language=dflt;mapping=te
x-text;"
(fontspec)             - 'bold small caps'  (b/sc) with NFSS spec.:
(fontspec)             <->"Montserrat/B/OT:script=latn;language=dflt;+smcp;mapp
ing=tex-text;"
(fontspec)             - 'italic' (m/it) with NFSS spec.:
(fontspec)             <->"Montserrat/I/OT:script=latn;language=dflt;mapping=te
x-text;"
(fontspec)             - 'italic small caps'  (m/scit) with NFSS spec.:
(fontspec)             <->"Montserrat/I/OT:script=latn;language=dflt;+smcp;mapp
ing=tex-text;"
(fontspec)             - 'bold italic' (b/it) with NFSS spec.:
(fontspec)             <->"Montserrat/BI/OT:script=latn;language=dflt;mapping=t
ex-text;"
(fontspec)             - 'bold italic small caps'  (b/scit) with NFSS spec.:
(fontspec)             <->"Montserrat/BI/OT:script=latn;language=dflt;+smcp;map
ping=tex-text;"

LaTeX Font Info:    Overwriting math alphabet `\mathrm' in version `normal'
(Font)                  OT1/cmr/m/n --> TU/Montserrat(3)/m/n on input line 404.

LaTeX Font Info:    Overwriting math alphabet `\mathit' in version `normal'
(Font)                  OT1/cmr/m/it --> TU/Montserrat(3)/m/it on input line 40
4.
LaTeX Font Info:    Overwriting math alphabet `\mathbf' in version `normal'
(Font)                  OT1/cmr/bx/n --> TU/Montserrat(3)/b/n on input line 404
.
LaTeX Font Info:    Overwriting math alphabet `\mathsf' in version `normal'
(Font)                  OT1/cmss/m/n --> TU/Montserrat(3)/m/n on input line 405
.
LaTeX Font Info:    Overwriting math alphabet `\mathsf' in version `bold'
(Font)                  OT1/cmss/bx/n --> TU/Montserrat(3)/b/n on input line 40
5.


Package fontspec Warning: OpenType feature 'Variant=1,3' (ss03) not available
(fontspec)                for font 'Fira Code' with script 'CustomDefault' and
(fontspec)                language 'Default'.


Package fontspec Info: Could not resolve font "Fira Code/I" (it probably
(fontspec)             doesn't exist).


Package fontspec Warning: OpenType feature 'Variant=1,3' (ss03) not available
(fontspec)                for font 'Fira Code' with script 'CustomDefault' and
(fontspec)                language 'Default'.


Package fontspec Warning: OpenType feature 'Variant=1,3' (ss03) not available
(fontspec)                for font 'Fira Code/B' with script 'CustomDefault'
(fontspec)                and language 'Default'.


Package fontspec Warning: OpenType feature 'Variant=1,3' (ss03) not available
(fontspec)                for font 'Fira Code/BI' with script 'CustomDefault'
(fontspec)                and language 'Default'.


Package fontspec Info: Font family 'FiraCode(0)' created for font 'Fira Code'
(fontspec)             with options
(fontspec)             [Ligatures=TeX,WordSpace={1,0,0},HyphenChar=None,Punctua
tionSpace=WordSpace,StylisticSet={1,3}].
(fontspec)              
(fontspec)              This font family consists of the following NFSS
(fontspec)             series/shapes:
(fontspec)              
(fontspec)             - 'normal' (m/n) with NFSS spec.: <->"Fira
(fontspec)             Code/OT:script=latn;language=dflt;+ss01;mapping=tex-text
;"
(fontspec)             - 'small caps'  (m/sc) with NFSS spec.: 
(fontspec)             and font adjustment code:
(fontspec)             \fontdimen 2\font =1\fontdimen 2\font \fontdimen 3\font
(fontspec)             =0\fontdimen 3\font \fontdimen 4\font =0\fontdimen
(fontspec)             4\font \fontdimen 7\font =0\fontdimen 2\font
(fontspec)             \tex_hyphenchar:D \font =-1\scan_stop: 
(fontspec)             - 'bold' (b/n) with NFSS spec.: <->"Fira
(fontspec)             Code/B/OT:script=latn;language=dflt;+ss01;mapping=tex-te
xt;"
(fontspec)             - 'bold small caps'  (b/sc) with NFSS spec.: 
(fontspec)             and font adjustment code:
(fontspec)             \fontdimen 2\font =1\fontdimen 2\font \fontdimen 3\font
(fontspec)             =0\fontdimen 3\font \fontdimen 4\font =0\fontdimen
(fontspec)             4\font \fontdimen 7\font =0\fontdimen 2\font
(fontspec)             \tex_hyphenchar:D \font =-1\scan_stop: 
(fontspec)             - 'bold italic' (b/it) with NFSS spec.: <->"Fira
(fontspec)             Code/BI/OT:script=latn;language=dflt;+ss01;mapping=tex-t
ext;"
(fontspec)             - 'bold italic small caps'  (b/scit) with NFSS spec.: 
(fontspec)             and font adjustment code:
(fontspec)             \fontdimen 2\font =1\fontdimen 2\font \fontdimen 3\font
(fontspec)             =0\fontdimen 3\font \fontdimen 4\font =0\fontdimen
(fontspec)             4\font \fontdimen 7\font =0\fontdimen 2\font
(fontspec)             \tex_hyphenchar:D \font =-1\scan_stop: 


Package fontspec Warning: OpenType feature 'Variant=1,3' (ss03) not available
(fontspec)                for font 'Fira Code' with script 'CustomDefault' and
(fontspec)                language 'Default'.


Package fontspec Info: Could not resolve font "Fira Code/I" (it probably
(fontspec)             doesn't exist).


Package fontspec Warning: OpenType feature 'Variant=1,3' (ss03) not available
(fontspec)                for font 'Fira Code' with script 'CustomDefault' and
(fontspec)                language 'Default'.


Package fontspec Warning: OpenType feature 'Variant=1,3' (ss03) not available
(fontspec)                for font 'Fira Code/B' with script 'CustomDefault'
(fontspec)                and language 'Default'.


Package fontspec Warning: OpenType feature 'Variant=1,3' (ss03) not available
(fontspec)                for font 'Fira Code/BI' with script 'CustomDefault'
(fontspec)                and language 'Default'.


Package fontspec Info: Font family 'FiraCode(1)' created for font 'Fira Code'
(fontspec)             with options [Ligatures=TeX,StylisticSet={1,3}].
(fontspec)              
(fontspec)              This font family consists of the following NFSS
(fontspec)             series/shapes:
(fontspec)              
(fontspec)             - 'normal' (m/n) with NFSS spec.: <->"Fira
(fontspec)             Code/OT:script=latn;language=dflt;+ss01;mapping=tex-text
;"
(fontspec)             - 'small caps'  (m/sc) with NFSS spec.: 
(fontspec)             - 'bold' (b/n) with NFSS spec.: <->"Fira
(fontspec)             Code/B/OT:script=latn;language=dflt;+ss01;mapping=tex-te
xt;"
(fontspec)             - 'bold small caps'  (b/sc) with NFSS spec.: 
(fontspec)             - 'bold italic' (b/it) with NFSS spec.: <->"Fira
(fontspec)             Code/BI/OT:script=latn;language=dflt;+ss01;mapping=tex-t
ext;"
(fontspec)             - 'bold italic small caps'  (b/scit) with NFSS spec.: 

LaTeX Font Info:    Overwriting math alphabet `\mathtt' in version `normal'
(Font)                  OT1/cmtt/m/n --> TU/FiraCode(1)/m/n on input line 418.
LaTeX Font Info:    Overwriting math alphabet `\mathtt' in version `bold'
(Font)                  OT1/cmtt/m/n --> TU/FiraCode(1)/b/n on input line 418.

Package fontspec Info: Font family 'FiraMathRegular(0)' created for font 'Fira
(fontspec)             Math Regular' with options
(fontspec)             [Ligatures=TeX,BoldItalicFont={},ItalicFont={},SmallCaps
Font={},Script=Math,BoldFont={Fira
(fontspec)             Math Bold}].
(fontspec)              
(fontspec)              This font family consists of the following NFSS
(fontspec)             series/shapes:
(fontspec)              
(fontspec)             - 'normal' (m/n) with NFSS spec.: <->"Fira Math
(fontspec)             Regular/OT:script=math;language=dflt;mapping=tex-text;"
(fontspec)             - 'small caps'  (m/sc) with NFSS spec.: 
(fontspec)             - 'bold' (b/n) with NFSS spec.: <->"Fira Math
(fontspec)             Bold/OT:script=math;language=dflt;mapping=tex-text;"
(fontspec)             - 'bold small caps'  (b/sc) with NFSS spec.: 


Package fontspec Info: Font family 'FiraMathRegular(1)' created for font 'Fira
(fontspec)             Math Regular' with options
(fontspec)             [Ligatures=TeX,BoldItalicFont={},ItalicFont={},SmallCaps
Font={},Script=Math,SizeFeatures={{Size=9.417-},{Size=7.1175-9.417,Font=Fira
(fontspec)             Math Regular,Style=MathScript},{Size=-7.1175,Font=Fira
(fontspec)             Math Regular,Style=MathScriptScript}},BoldFont={Fira
(fontspec)             Math Bold}].
(fontspec)              
(fontspec)              This font family consists of the following NFSS
(fontspec)             series/shapes:
(fontspec)              
(fontspec)             - 'normal' (m/n) with NFSS spec.: <9.417->"Fira Math
(fontspec)             Regular/OT:script=math;language=dflt;mapping=tex-text;"<
7.1175-9.417>"Fira
(fontspec)             Math
(fontspec)             Regular/OT:script=math;language=dflt;+ssty=0;mapping=tex
-text;"<-7.1175>"Fira
(fontspec)             Math
(fontspec)             Regular/OT:script=math;language=dflt;+ssty=1;mapping=tex
-text;"
(fontspec)             - 'small caps'  (m/sc) with NFSS spec.: 
(fontspec)             - 'bold' (b/n) with NFSS spec.: <->"Fira Math
(fontspec)             Bold/OT:script=math;language=dflt;mapping=tex-text;"
(fontspec)             - 'bold small caps'  (b/sc) with NFSS spec.: 

LaTeX Font Info:    Encoding `OT1' has changed to `TU' for symbol font
(Font)              `operators' in the math version `normal' on input line 432.

LaTeX Font Info:    Overwriting symbol font `operators' in version `normal'
(Font)                  OT1/cmr/m/n --> TU/FiraMathRegular(1)/m/n on input line
 432.
LaTeX Font Info:    Encoding `OT1' has changed to `TU' for symbol font
(Font)              `operators' in the math version `bold' on input line 432.
LaTeX Font Info:    Overwriting symbol font `operators' in version `bold'
(Font)                  OT1/cmr/bx/n --> TU/FiraMathRegular(1)/b/n on input lin
e 432.

Package fontspec Info: Fira Math Regular scale = 1.0001.


Package fontspec Info: Fira Math Regular scale = 1.0001.


Package fontspec Info: Fira Math Regular scale = 1.0001.


Package fontspec Info: Fira Math Regular scale = 1.0001.


Package fontspec Info: Fira Math Bold scale = 1.0001.


Package fontspec Info: Font family 'FiraMathRegular(2)' created for font 'Fira
(fontspec)             Math Regular' with options
(fontspec)             [Ligatures=TeX,BoldItalicFont={},ItalicFont={},SmallCaps
Font={},Script=Math,SizeFeatures={{Size=9.417-},{Size=7.1175-9.417,Font=Fira
(fontspec)             Math Regular,Style=MathScript},{Size=-7.1175,Font=Fira
(fontspec)             Math Regular,Style=MathScriptScript}},BoldFont={Fira
(fontspec)             Math Bold},ScaleAgain=1.0001,FontAdjustment={\fontdimen
(fontspec)             8\font =6.351pt\relax \fontdimen 9\font =4.9275pt\relax
(fontspec)             \fontdimen 10\font =4.9275pt\relax \fontdimen 11\font
(fontspec)             =7.665pt\relax \fontdimen 12\font =5.256pt\relax
(fontspec)             \fontdimen 13\font =4.38pt\relax \fontdimen 14\font
(fontspec)             =4.38pt\relax \fontdimen 15\font =2.9565pt\relax
(fontspec)             \fontdimen 16\font =3.8325pt\relax \fontdimen 17\font
(fontspec)             =3.8325pt\relax \fontdimen 18\font =3.942pt\relax
(fontspec)             \fontdimen 19\font =2.7375pt\relax \fontdimen 22\font
(fontspec)             =3.066pt\relax \fontdimen 20\font =0pt\relax \fontdimen
(fontspec)             21\font =0pt\relax }].
(fontspec)              
(fontspec)              This font family consists of the following NFSS
(fontspec)             series/shapes:
(fontspec)              
(fontspec)             - 'normal' (m/n) with NFSS spec.:
(fontspec)             <9.417->s*[1.0001]"Fira Math
(fontspec)             Regular/OT:script=math;language=dflt;mapping=tex-text;"<
7.1175-9.417>s*[1.0001]"Fira
(fontspec)             Math
(fontspec)             Regular/OT:script=math;language=dflt;+ssty=0;mapping=tex
-text;"<-7.1175>s*[1.0001]"Fira
(fontspec)             Math
(fontspec)             Regular/OT:script=math;language=dflt;+ssty=1;mapping=tex
-text;"
(fontspec)             - 'small caps'  (m/sc) with NFSS spec.: 
(fontspec)             and font adjustment code:
(fontspec)             \fontdimen 8\font =6.351pt\relax \fontdimen 9\font
(fontspec)             =4.9275pt\relax \fontdimen 10\font =4.9275pt\relax
(fontspec)             \fontdimen 11\font =7.665pt\relax \fontdimen 12\font
(fontspec)             =5.256pt\relax \fontdimen 13\font =4.38pt\relax
(fontspec)             \fontdimen 14\font =4.38pt\relax \fontdimen 15\font
(fontspec)             =2.9565pt\relax \fontdimen 16\font =3.8325pt\relax
(fontspec)             \fontdimen 17\font =3.8325pt\relax \fontdimen 18\font
(fontspec)             =3.942pt\relax \fontdimen 19\font =2.7375pt\relax
(fontspec)             \fontdimen 22\font =3.066pt\relax \fontdimen 20\font
(fontspec)             =0pt\relax \fontdimen 21\font =0pt\relax 
(fontspec)             - 'bold' (b/n) with NFSS spec.: <->s*[1.0001]"Fira Math
(fontspec)             Bold/OT:script=math;language=dflt;mapping=tex-text;"
(fontspec)             - 'bold small caps'  (b/sc) with NFSS spec.: 
(fontspec)             and font adjustment code:
(fontspec)             \fontdimen 8\font =6.351pt\relax \fontdimen 9\font
(fontspec)             =4.9275pt\relax \fontdimen 10\font =4.9275pt\relax
(fontspec)             \fontdimen 11\font =7.665pt\relax \fontdimen 12\font
(fontspec)             =5.256pt\relax \fontdimen 13\font =4.38pt\relax
(fontspec)             \fontdimen 14\font =4.38pt\relax \fontdimen 15\font
(fontspec)             =2.9565pt\relax \fontdimen 16\font =3.8325pt\relax
(fontspec)             \fontdimen 17\font =3.8325pt\relax \fontdimen 18\font
(fontspec)             =3.942pt\relax \fontdimen 19\font =2.7375pt\relax
(fontspec)             \fontdimen 22\font =3.066pt\relax \fontdimen 20\font
(fontspec)             =0pt\relax \fontdimen 21\font =0pt\relax 

LaTeX Font Info:    Encoding `OMS' has changed to `TU' for symbol font
(Font)              `symbols' in the math version `normal' on input line 432.
LaTeX Font Info:    Overwriting symbol font `symbols' in version `normal'
(Font)                  OMS/cmsy/m/n --> TU/FiraMathRegular(2)/m/n on input lin
e 432.
LaTeX Font Info:    Encoding `OMS' has changed to `TU' for symbol font
(Font)              `symbols' in the math version `bold' on input line 432.
LaTeX Font Info:    Overwriting symbol font `symbols' in version `bold'
(Font)                  OMS/cmsy/b/n --> TU/FiraMathRegular(2)/b/n on input lin
e 432.

Package fontspec Info: Fira Math Regular scale = 0.9999.


Package fontspec Info: Fira Math Regular scale = 0.9999.


Package fontspec Info: Fira Math Regular scale = 0.9999.


Package fontspec Info: Fira Math Regular scale = 0.9999.


Package fontspec Info: Fira Math Bold scale = 0.9999.


Package fontspec Info: Font family 'FiraMathRegular(3)' created for font 'Fira
(fontspec)             Math Regular' with options
(fontspec)             [Ligatures=TeX,BoldItalicFont={},ItalicFont={},SmallCaps
Font={},Script=Math,SizeFeatures={{Size=9.417-},{Size=7.1175-9.417,Font=Fira
(fontspec)             Math Regular,Style=MathScript},{Size=-7.1175,Font=Fira
(fontspec)             Math Regular,Style=MathScriptScript}},BoldFont={Fira
(fontspec)             Math Bold},ScaleAgain=0.9999,FontAdjustment={\fontdimen
(fontspec)             8\font =0.8322pt\relax \fontdimen 9\font
(fontspec)             =1.6425pt\relax \fontdimen 10\font =1.6425pt\relax
(fontspec)             \fontdimen 11\font =1.6425pt\relax \fontdimen 12\font
(fontspec)             =6.56999pt\relax \fontdimen 13\font =0pt\relax }].
(fontspec)              
(fontspec)              This font family consists of the following NFSS
(fontspec)             series/shapes:
(fontspec)              
(fontspec)             - 'normal' (m/n) with NFSS spec.:
(fontspec)             <9.417->s*[0.9999]"Fira Math
(fontspec)             Regular/OT:script=math;language=dflt;mapping=tex-text;"<
7.1175-9.417>s*[0.9999]"Fira
(fontspec)             Math
(fontspec)             Regular/OT:script=math;language=dflt;+ssty=0;mapping=tex
-text;"<-7.1175>s*[0.9999]"Fira
(fontspec)             Math
(fontspec)             Regular/OT:script=math;language=dflt;+ssty=1;mapping=tex
-text;"
(fontspec)             - 'small caps'  (m/sc) with NFSS spec.: 
(fontspec)             and font adjustment code:
(fontspec)             \fontdimen 8\font =0.8322pt\relax \fontdimen 9\font
(fontspec)             =1.6425pt\relax \fontdimen 10\font =1.6425pt\relax
(fontspec)             \fontdimen 11\font =1.6425pt\relax \fontdimen 12\font
(fontspec)             =6.56999pt\relax \fontdimen 13\font =0pt\relax 
(fontspec)             - 'bold' (b/n) with NFSS spec.: <->s*[0.9999]"Fira Math
(fontspec)             Bold/OT:script=math;language=dflt;mapping=tex-text;"
(fontspec)             - 'bold small caps'  (b/sc) with NFSS spec.: 
(fontspec)             and font adjustment code:
(fontspec)             \fontdimen 8\font =0.8322pt\relax \fontdimen 9\font
(fontspec)             =1.6425pt\relax \fontdimen 10\font =1.6425pt\relax
(fontspec)             \fontdimen 11\font =1.6425pt\relax \fontdimen 12\font
(fontspec)             =6.56999pt\relax \fontdimen 13\font =0pt\relax 

LaTeX Font Info:    Encoding `OMX' has changed to `TU' for symbol font
(Font)              `largesymbols' in the math version `normal' on input line 4
32.
LaTeX Font Info:    Overwriting symbol font `largesymbols' in version `normal'
(Font)                  OMX/cmex/m/n --> TU/FiraMathRegular(3)/m/n on input lin
e 432.
LaTeX Font Info:    Encoding `OMX' has changed to `TU' for symbol font
(Font)              `largesymbols' in the math version `bold' on input line 432
.
LaTeX Font Info:    Overwriting symbol font `largesymbols' in version `bold'
(Font)                  OMX/cmex/m/n --> TU/FiraMathRegular(3)/b/n on input lin
e 432.

Package fontspec Info: Font family 'FiraMathRegular(4)' created for font 'Fira
(fontspec)             Math Regular' with options
(fontspec)             [Ligatures=TeX,BoldItalicFont={},ItalicFont={},SmallCaps
Font={},Script=Math,SizeFeatures={{Size=9.417-},{Size=7.1175-9.417,Font=Fira
(fontspec)             Math Regular,Style=MathScript},{Size=-7.1175,Font=Fira
(fontspec)             Math Regular,Style=MathScriptScript}},FakeSlant].
(fontspec)              
(fontspec)              This font family consists of the following NFSS
(fontspec)             series/shapes:
(fontspec)              
(fontspec)             - 'normal' (m/n) with NFSS spec.: <9.417->"Fira Math
(fontspec)             Regular/OT:script=math;language=dflt;slant=0.2;mapping=t
ex-text;"<7.1175-9.417>"Fira
(fontspec)             Math
(fontspec)             Regular/OT:script=math;language=dflt;slant=0.2;+ssty=0;m
apping=tex-text;"<-7.1175>"Fira
(fontspec)             Math
(fontspec)             Regular/OT:script=math;language=dflt;slant=0.2;+ssty=1;m
apping=tex-text;"
(fontspec)             - 'small caps'  (m/sc) with NFSS spec.: 
(fontspec)             - 'bold' (b/n) with NFSS spec.: <->"Fira Math
(fontspec)             Regular/B/OT:script=math;language=dflt;slant=0.2;mapping
=tex-text;"
(fontspec)             - 'bold small caps'  (b/sc) with NFSS spec.: 

\sym__um_fam1=\mathgroup4
LaTeX Font Info:    Overwriting symbol font `__um_fam1' in version `normal'
(Font)                  TU/FiraMathRegular(4)/m/n --> TU/FiraMathRegular(4)/m/n
 on input line 432.
LaTeX Font Info:    Overwriting symbol font `__um_fam1' in version `bold'
(Font)                  TU/FiraMathRegular(4)/m/n --> TU/FiraMathRegular(4)/b/n
 on input line 432.
\logopart=\box84
File: graphics/logopart.eps Graphic file (type eps)
<graphics/logopart.eps>
Package hyperref Info: Option `colorlinks' set `true' on input line 665.
) (/usr/share/texlive/texmf-dist/tex/latex/lipsum/lipsum.sty
Package: lipsum 2019/01/02 v2.2 150 paragraphs of Lorem Ipsum dummy text

(/usr/share/texlive/texmf-dist/tex/latex/lipsum/lipsum.ltd.tex
File: lipsum.ltd.tex 2019/01/02 v2.2 The Lorem ipsum dummy text
))

! LaTeX Error: File `lstlisting.sty' not found.

Type X to quit or <RETURN> to proceed,
or enter new name. (Default extension: sty)

Enter file name: 
./CluyseDylanBP.tex:16: Emergency stop.
<read *> 
         
l.16 ^^M
        
*** (cannot \read from terminal in nonstop modes)

 
Here is how much of TeX's memory you used:
 41567 strings out of 478657
 801585 string characters out of 5861314
 1635432 words of memory out of 5000000
 60517 multiletter control sequences out of 15000+600000
 404607 words of font info for 66 fonts, out of 8000000 for 9000
 350 hyphenation exceptions out of 8191
 113i,1n,139p,434b,2767s stack positions out of 5000i,500n,10000p,200000b,80000s
No pages of output.
