\BOOKMARK [0][-]{chapter*.4}{\376\377\000L\001\063\000s\000t\000\040\000v\000a\000n\000\040\000f\000i\000g\000u\000r\000e\000n}{}% 1
\BOOKMARK [0][-]{chapter.1}{Inleiding}{}% 2
\BOOKMARK [1][-]{section.1.1}{Probleemstelling}{chapter.1}% 3
\BOOKMARK [1][-]{section.1.2}{Onderzoeksvraag}{chapter.1}% 4
\BOOKMARK [1][-]{section.1.3}{Onderzoeksdoelstelling}{chapter.1}% 5
\BOOKMARK [1][-]{section.1.4}{Opzet\040van\040deze\040bachelorproef}{chapter.1}% 6
\BOOKMARK [0][-]{chapter.2}{Stand\040van\040zaken}{}% 7
\BOOKMARK [1][-]{section.2.1}{Tekstvereenvoudiging}{chapter.2}% 8
\BOOKMARK [2][-]{subsection.2.1.1}{Natural\040Language\040Processing}{section.2.1}% 9
\BOOKMARK [1][-]{section.2.2}{De\040verschillende\040soorten\040tekstvereenvoudiging}{chapter.2}% 10
\BOOKMARK [2][-]{subsection.2.2.1}{Lexicale\040vereenvoudiging}{section.2.2}% 11
\BOOKMARK [2][-]{subsection.2.2.2}{Syntactische\040vereenvoudiging}{section.2.2}% 12
\BOOKMARK [2][-]{subsection.2.2.3}{Conceptuele\040vereenvoudiging}{section.2.2}% 13
\BOOKMARK [2][-]{subsection.2.2.4}{Tekstvereenvoudiging\040automatiseren}{section.2.2}% 14
\BOOKMARK [2][-]{subsection.2.2.5}{Discourse\040edits}{section.2.2}% 15
\BOOKMARK [2][-]{subsection.2.2.6}{Combineren\040tot\040het\040geheel\040van\040tekstvereenvoudiging}{section.2.2}% 16
\BOOKMARK [2][-]{subsection.2.2.7}{Samenvatten}{section.2.2}% 17
\BOOKMARK [1][-]{section.2.3}{Voordelen\040van\040tekstvereenvoudiging}{chapter.2}% 18
\BOOKMARK [1][-]{section.2.4}{Struikelblokken}{chapter.2}% 19
\BOOKMARK [2][-]{subsection.2.4.1}{Evaluatie\040van\040de\040toepassing}{section.2.4}% 20
\BOOKMARK [2][-]{subsection.2.4.2}{Datasets}{section.2.4}% 21
\BOOKMARK [2][-]{subsection.2.4.3}{Meaning\040distortion}{section.2.4}% 22
\BOOKMARK [2][-]{subsection.2.4.4}{Paternalisme}{section.2.4}% 23
\BOOKMARK [2][-]{subsection.2.4.5}{Problemen\040bij\040lexicale\040vereenvoudiging}{section.2.4}% 24
\BOOKMARK [2][-]{subsection.2.4.6}{Problemen\040bij\040syntactische\040vereenvoudiging}{section.2.4}% 25
\BOOKMARK [1][-]{section.2.5}{Tekstvereenvoudigingssoftware\040in\040het\040onderwijs}{chapter.2}% 26
\BOOKMARK [1][-]{section.2.6}{Beschikbare\040tekstvereenvoudigingssoftware}{chapter.2}% 27
\BOOKMARK [1][-]{section.2.7}{Tekstvereenvoudigingspipeline\040opbouwen}{chapter.2}% 28
\BOOKMARK [1][-]{section.2.8}{Metrieken\040om\040de\040transformatie\040van\040tekstvereenvoudiging\040te\040beoordelen}{chapter.2}% 29
\BOOKMARK [0][-]{chapter.3}{Methodologie}{}% 30
\BOOKMARK [0][-]{chapter.4}{Conclusie}{}% 31
\BOOKMARK [0][-]{appendix.A}{Onderzoeksvoorstel}{}% 32
\BOOKMARK [1][-]{section.A.1}{Introductie}{appendix.A}% 33
\BOOKMARK [1][-]{section.A.2}{State-of-the-art}{appendix.A}% 34
\BOOKMARK [1][-]{section.A.3}{Methodologie}{appendix.A}% 35
\BOOKMARK [1][-]{section.A.4}{Verwacht\040resultaat,\040conclusie}{appendix.A}% 36
\BOOKMARK [0][-]{appendix*.6}{Bibliografie}{}% 37
